#
# A fatal error has been detected by the Java Runtime Environment:
#
#  SIGSEGV (0xb) at pc=0x00000001108034d4, pid=3203, tid=10499
#
# JRE version: Java(TM) SE Runtime Environment (15.0.1+9) (build 15.0.1+9-18)
# Java VM: Java HotSpot(TM) 64-Bit Server VM (15.0.1+9-18, mixed mode, sharing, tiered, compressed oops, g1 gc, bsd-amd64)
# Problematic frame:
# V  [libjvm.dylib+0x34d4]  AccessInternal::PostRuntimeDispatch<G1BarrierSet::AccessBarrier<548980ull, G1BarrierSet>, (AccessInternal::BarrierType)2, 548980ull>::oop_access_barrier(void*)+0x4
#
# No core dump will be written. Core dumps have been disabled. To enable core dumping, try "ulimit -c unlimited" before starting Java again
#
# If you would like to submit a bug report, please visit:
#   https://bugreport.java.com/bugreport/crash.jsp
#

---------------  S U M M A R Y ------------

Command Line: -Dfile.encoding=UTF-8 org.apache.catalina.startup.Tomcat$1

Host: MacBookPro16,3 x86_64 1400 MHz, 8 cores, 8G, Darwin 20.2.0
Time: Sun Jan 10 23:11:00 2021 JST elapsed time: 0.196906 seconds (0d 0h 0m 0s)

---------------  T H R E A D  ---------------

Current thread (0x00007f9efd00b200):  JavaThread "main" [_thread_in_vm, id=10499, stack(0x000070000bcb3000,0x000070000bdb3000)]

Stack: [0x000070000bcb3000,0x000070000bdb3000],  sp=0x000070000bdb2df0,  free space=1023k
Native frames: (J=compiled Java code, A=aot compiled Java code, j=interpreted, Vv=VM code, C=native code)
V  [libjvm.dylib+0x34d4]  AccessInternal::PostRuntimeDispatch<G1BarrierSet::AccessBarrier<548980ull, G1BarrierSet>, (AccessInternal::BarrierType)2, 548980ull>::oop_access_barrier(void*)+0x4
V  [libjvm.dylib+0x5167b5]  jni_GetStringUTFChars+0xc5
C  [libjli.dylib+0x79ed]  PostJVMInit+0xad
C  [libjli.dylib+0x4ed8]  JavaMain+0xbb8
C  [libjli.dylib+0x7659]  ThreadJavaMain+0x9
C  [libsystem_pthread.dylib+0x6950]  _pthread_start+0xe0
C  [libsystem_pthread.dylib+0x247b]  thread_start+0xf


siginfo: si_signo: 11 (SIGSEGV), si_code: 1 (SEGV_MAPERR), si_addr: 0x0000000000000000

Register to memory mapping:

RAX=0x000000010c523000 points into unknown readable memory: 0x0000000000000000 | 00 00 00 00 00 00 00 00
RBX=0x0 is NULL
RCX=0x00000001113b7e70: jni_NativeInterface+0 in /Library/Java/JavaVirtualMachines/jdk-15.0.1.jdk/Contents/Home/lib/server/libjvm.dylib at 0x0000000110800000
RDX=0x0 is NULL
RSP=0x000070000bdb2df0 is pointing into the stack for thread: 0x00007f9efd00b200
RBP=0x000070000bdb2df0 is pointing into the stack for thread: 0x00007f9efd00b200
RSI=0x0 is NULL
RDI=0x0 is NULL
R8 ={method} {0x000000080000e2b8} 'getCanonicalName' '()Ljava/lang/String;' in 'java/lang/Class'
R9 =0x00007f9efc5073e0 points into unknown readable memory: 0x000000080000e2b8 | b8 e2 00 00 08 00 00 00
R10=0x00000001114360c0: _ZN19TemplateInterpreter13_active_tableE+0x4800 in /Library/Java/JavaVirtualMachines/jdk-15.0.1.jdk/Contents/Home/lib/server/libjvm.dylib at 0x0000000110800000
R11=0x0 is NULL
R12=0x00007f9efd00b200 is a thread
R13=0x0 is NULL
R14=0x0 is NULL
R15=0x0 is NULL


Registers:
RAX=0x000000010c523000, RBX=0x0000000000000000, RCX=0x00000001113b7e70, RDX=0x0000000000000000
RSP=0x000070000bdb2df0, RBP=0x000070000bdb2df0, RSI=0x0000000000000000, RDI=0x0000000000000000
R8 =0x000000080000e2b8, R9 =0x00007f9efc5073e0, R10=0x00000001114360c0, R11=0x0000000000000000
R12=0x00007f9efd00b200, R13=0x0000000000000000, R14=0x0000000000000000, R15=0x0000000000000000
RIP=0x00000001108034d4, EFLAGS=0x0000000000010246, ERR=0x0000000000000004
  TRAPNO=0x000000000000000e

Top of Stack: (sp=0x000070000bdb2df0)
0x000070000bdb2df0:   000070000bdb2e80 0000000110d167b5
0x000070000bdb2e00:   00007f9efd00b200 0000000000000000
0x000070000bdb2e10:   000000010c4f7b92 000000010c4f7b81
0x000070000bdb2e20:   551d57028fdf00a4 00007f9efd00b528
0x000070000bdb2e30:   00007f9efd00b200 0000000000000000
0x000070000bdb2e40:   0000000000000000 00007f9efd00b200
0x000070000bdb2e50:   000070000bdb2e80 00007f9efd00b528
0x000070000bdb2e60:   00007f9efc508138 0000000000000000
0x000070000bdb2e70:   0000000000000000 00007f9efc508130
0x000070000bdb2e80:   000070000bdb2f10 000000010c4f39ed
0x000070000bdb2e90:   00007f9efd00b528 00007f9efd00b200
0x000070000bdb2ea0:   000070000bdb2ed0 0000000110d035df
0x000070000bdb2eb0:   551d57028fdf00a4 00007f9efc508118
0x000070000bdb2ec0:   00007f9efc508138 0000000000000000
0x000070000bdb2ed0:   00007f9efd00b528 00007f9efd00b200
0x000070000bdb2ee0:   000070000bdb2f10 551d57028fdf00a4
0x000070000bdb2ef0:   00007f9efc508118 00007f9efc508138
0x000070000bdb2f00:   00007f9efc508148 00007f9efc508130
0x000070000bdb2f10:   000070000bdb2fa0 000000010c4f0ed8
0x000070000bdb2f20:   0000000000000000 0005b88c5bdeffe7
0x000070000bdb2f30:   0000000400010002 00007f9efc504290
0x000070000bdb2f40:   0000000000000000 0000000000000000
0x000070000bdb2f50:   00007f9efc5041c8 0000000000000001
0x000070000bdb2f60:   00007f9efc504150 00007f9efd00b528
0x000070000bdb2f70:   00000001113b7e68 000070000bdb3000
0x000070000bdb2f80:   0000000000000000 0000000000000000
0x000070000bdb2f90:   0000000000000000 0000000000000000
0x000070000bdb2fa0:   000070000bdb2fb0 000000010c4f3659
0x000070000bdb2fb0:   000070000bdb2fd0 00007fff20358950
0x000070000bdb2fc0:   0000000000000000 0000000000000000
0x000070000bdb2fd0:   000070000bdb2ff0 00007fff2035447b
0x000070000bdb2fe0:   0000000000000000 0000000000000000 

Instructions: (pc=0x00000001108034d4)
0x00000001108033d4:   ff 0b 73 0e 48 63 c7 48 8d 0d ae 7e ae 00 8b 04
0x00000001108033e4:   81 c3 55 48 89 e5 48 8d 3d 13 94 a6 00 be 9c 00
0x00000001108033f4:   00 00 e8 75 bc 2f 00 e8 b0 42 82 00 31 c0 5d c3
0x0000000110803404:   66 66 66 2e 0f 1f 84 00 00 00 00 00 55 48 89 e5
0x0000000110803414:   48 8b 47 08 0f b7 48 32 0f b7 40 30 8d 44 01 19
0x0000000110803424:   5d c3 66 2e 0f 1f 84 00 00 00 00 00 55 48 89 e5
0x0000000110803434:   53 50 48 89 fb 48 8d 0d f8 4a c1 00 48 8d 05 d9
0x0000000110803444:   91 be 00 48 8b 00 8b 40 10 ff c8 80 39 00 74 10
0x0000000110803454:   83 f8 04 73 1f 48 98 48 8d 0d 7e d4 b0 00 eb 0e
0x0000000110803464:   83 f8 04 73 0f 48 98 48 8d 0d 8e d4 b0 00 48 8b
0x0000000110803474:   04 c1 eb 21 48 8d 3d bc 93 a6 00 48 8d 15 e5 93
0x0000000110803484:   a6 00 be e8 00 00 00 31 c0 e8 de b9 2f 00 e8 19
0x0000000110803494:   42 82 00 31 c0 48 89 05 90 11 bb 00 48 89 df 48
0x00000001108034a4:   83 c4 08 5b 5d ff e0 0f 1f 44 00 00 55 48 89 e5
0x00000001108034b4:   48 8b 07 5d c3 0f 1f 80 00 00 00 00 55 48 89 e5
0x00000001108034c4:   48 8b 07 5d c3 0f 1f 80 00 00 00 00 55 48 89 e5
0x00000001108034d4:   48 8b 07 5d c3 0f 1f 80 00 00 00 00 55 48 89 e5
0x00000001108034e4:   41 57 41 56 53 50 49 89 fe 49 8b 1e 4c 8d 3d 41
0x00000001108034f4:   67 c4 00 49 85 1f 74 3c 48 89 df e8 8c 31 a3 00
0x0000000110803504:   48 89 c1 48 85 c9 74 29 48 89 d8 f0 49 0f b1 0e
0x0000000110803514:   48 89 c2 48 39 da 74 19 0f 1f 40 00 49 85 17 74
0x0000000110803524:   10 48 89 d0 f0 49 0f b1 0e 48 39 d0 48 89 c2 75
0x0000000110803534:   eb 48 89 cb 48 89 d8 48 83 c4 08 5b 41 5e 41 5f
0x0000000110803544:   5d c3 66 2e 0f 1f 84 00 00 00 00 00 55 48 89 e5
0x0000000110803554:   48 8b 07 5d c3 0f 1f 80 00 00 00 00 55 48 89 e5
0x0000000110803564:   48 8b 07 5d c3 0f 1f 80 00 00 00 00 55 48 89 e5
0x0000000110803574:   48 8b 07 5d c3 0f 1f 80 00 00 00 00 55 48 89 e5
0x0000000110803584:   41 57 41 56 53 50 49 89 fe 49 8b 1e 4c 8d 3d a1
0x0000000110803594:   66 c4 00 49 85 1f 74 3c 48 89 df e8 ec 30 a3 00
0x00000001108035a4:   48 89 c1 48 85 c9 74 29 48 89 d8 f0 49 0f b1 0e
0x00000001108035b4:   48 89 c2 48 39 da 74 19 0f 1f 40 00 49 85 17 74
0x00000001108035c4:   10 48 89 d0 f0 49 0f b1 0e 48 39 d0 48 89 c2 75 


Stack slot to memory mapping:
stack at sp + 0 slots: 0x000070000bdb2e80 is pointing into the stack for thread: 0x00007f9efd00b200
stack at sp + 1 slots: 0x0000000110d167b5: jni_GetStringUTFChars+0xc5 in /Library/Java/JavaVirtualMachines/jdk-15.0.1.jdk/Contents/Home/lib/server/libjvm.dylib at 0x0000000110800000
stack at sp + 2 slots: 0x00007f9efd00b200 is a thread
stack at sp + 3 slots: 0x0 is NULL
stack at sp + 4 slots: 0x000000010c4f7b92: JLI_WildcardExpandClasspath+0x2282 in /Library/Java/JavaVirtualMachines/jdk-15.0.1.jdk/Contents/Home/lib/libjli.dylib at 0x000000010c4ec000
stack at sp + 5 slots: 0x000000010c4f7b81: JLI_WildcardExpandClasspath+0x2271 in /Library/Java/JavaVirtualMachines/jdk-15.0.1.jdk/Contents/Home/lib/libjli.dylib at 0x000000010c4ec000
stack at sp + 6 slots: 0x551d57028fdf00a4 is an unknown value
stack at sp + 7 slots: 0x00007f9efd00b528 points into unknown readable memory: 0x00000001113b7e70 | 70 7e 3b 11 01 00 00 00


---------------  P R O C E S S  ---------------

Threads class SMR info:
_java_thread_list=0x00007f9efc5212a0, length=10, elements={
0x00007f9efd00b200, 0x00007f9efd043000, 0x00007f9efd045800, 0x00007f9f0080e600,
0x00007f9f0080ec00, 0x00007f9f0080a200, 0x00007f9f0080a800, 0x00007f9f0080c800,
0x00007f9efe80b400, 0x00007f9efd043600
}

Java Threads: ( => current thread )
=>0x00007f9efd00b200 JavaThread "main" [_thread_in_vm, id=10499, stack(0x000070000bcb3000,0x000070000bdb3000)]
  0x00007f9efd043000 JavaThread "Reference Handler" daemon [_thread_blocked, id=14595, stack(0x000070000c3c8000,0x000070000c4c8000)]
  0x00007f9efd045800 JavaThread "Finalizer" daemon [_thread_blocked, id=15107, stack(0x000070000c4cb000,0x000070000c5cb000)]
  0x00007f9f0080e600 JavaThread "Signal Dispatcher" daemon [_thread_blocked, id=22787, stack(0x000070000c6d4000,0x000070000c7d4000)]
  0x00007f9f0080ec00 JavaThread "Service Thread" daemon [_thread_blocked, id=41987, stack(0x000070000c7d7000,0x000070000c8d7000)]
  0x00007f9f0080a200 JavaThread "C2 CompilerThread0" daemon [_thread_blocked, id=23555, stack(0x000070000c8da000,0x000070000c9da000)]
  0x00007f9f0080a800 JavaThread "C1 CompilerThread0" daemon [_thread_blocked, id=40963, stack(0x000070000c9dd000,0x000070000cadd000)]
  0x00007f9f0080c800 JavaThread "Sweeper thread" daemon [_thread_blocked, id=40707, stack(0x000070000cae0000,0x000070000cbe0000)]
  0x00007f9efe80b400 JavaThread "Notification Thread" daemon [_thread_blocked, id=40451, stack(0x000070000cbe3000,0x000070000cce3000)]
  0x00007f9efd043600 JavaThread "Common-Cleaner" daemon [_thread_blocked, id=26371, stack(0x000070000cde9000,0x000070000cee9000)]

Other Threads:
  0x00007f9f003041e0 VMThread "VM Thread" [stack: 0x000070000c2c5000,0x000070000c3c5000] [id=13827]
  0x00007f9efe00dc80 WatcherThread [stack: 0x000070000cce6000,0x000070000cde6000] [id=26115]
  0x00007f9efc513b90 GCTaskThread "GC Thread#0" [stack: 0x000070000bdb6000,0x000070000beb6000] [id=19459]
  0x00007f9efc41d290 ConcurrentGCThread "G1 Main Marker" [stack: 0x000070000beb9000,0x000070000bfb9000] [id=12547]
  0x00007f9efc41e390 ConcurrentGCThread "G1 Conc#0" [stack: 0x000070000bfbc000,0x000070000c0bc000] [id=18947]
  0x00007f9efc43afd0 ConcurrentGCThread "G1 Refine#0" [stack: 0x000070000c0bf000,0x000070000c1bf000] [id=18435]
  0x00007f9efc514810 ConcurrentGCThread "G1 Young RemSet Sampling" [stack: 0x000070000c1c2000,0x000070000c2c2000] [id=18179]

Threads with active compile tasks:

VM state: not at safepoint (normal execution)

VM Mutex/Monitor currently owned by a thread: None

Heap address: 0x0000000780000000, size: 2048 MB, Compressed Oops mode: Zero based, Oop shift amount: 3
CDS archive(s) mapped at: [0x0000000800000000-0x0000000800b2c000-0x0000000800b2c000), size 11714560, SharedBaseAddress: 0x0000000800000000, ArchiveRelocationMode: 0.
Compressed class space mapped at: 0x0000000800b2c000-0x0000000840b2c000, size: 1073741824
Narrow klass base: 0x0000000800000000, Narrow klass shift: 3, Narrow klass range: 0x100000000

GC Precious Log:
 CPUs: 8 total, 8 available
 Memory: 8192M
 Large Page Support: Disabled
 NUMA Support: Disabled
 Compressed Oops: Enabled (Zero based)
 Heap Region Size: 1M
 Heap Min Capacity: 8M
 Heap Initial Capacity: 128M
 Heap Max Capacity: 2G
 Pre-touch: Disabled
 Parallel Workers: 8
 Concurrent Workers: 2
 Concurrent Refinement Workers: 8
 Periodic GC: Disabled

Heap:
 garbage-first heap   total 133120K, used 2856K [0x0000000780000000, 0x0000000800000000)
  region size 1024K, 3 young (3072K), 0 survivors (0K)
 Metaspace       used 616K, capacity 4928K, committed 5120K, reserved 1056768K
  class space    used 44K, capacity 428K, committed 512K, reserved 1048576K

Heap Regions: E=young(eden), S=young(survivor), O=old, HS=humongous(starts), HC=humongous(continues), CS=collection set, F=free, OA=open archive, CA=closed archive, TAMS=top-at-mark-start (previous, next)
|   0|0x0000000780000000, 0x0000000780000000, 0x0000000780100000|  0%| F|  |TAMS 0x0000000780000000, 0x0000000780000000| Untracked 
|   1|0x0000000780100000, 0x0000000780100000, 0x0000000780200000|  0%| F|  |TAMS 0x0000000780100000, 0x0000000780100000| Untracked 
|   2|0x0000000780200000, 0x0000000780200000, 0x0000000780300000|  0%| F|  |TAMS 0x0000000780200000, 0x0000000780200000| Untracked 
|   3|0x0000000780300000, 0x0000000780300000, 0x0000000780400000|  0%| F|  |TAMS 0x0000000780300000, 0x0000000780300000| Untracked 
|   4|0x0000000780400000, 0x0000000780400000, 0x0000000780500000|  0%| F|  |TAMS 0x0000000780400000, 0x0000000780400000| Untracked 
|   5|0x0000000780500000, 0x0000000780500000, 0x0000000780600000|  0%| F|  |TAMS 0x0000000780500000, 0x0000000780500000| Untracked 
|   6|0x0000000780600000, 0x0000000780600000, 0x0000000780700000|  0%| F|  |TAMS 0x0000000780600000, 0x0000000780600000| Untracked 
|   7|0x0000000780700000, 0x0000000780700000, 0x0000000780800000|  0%| F|  |TAMS 0x0000000780700000, 0x0000000780700000| Untracked 
|   8|0x0000000780800000, 0x0000000780800000, 0x0000000780900000|  0%| F|  |TAMS 0x0000000780800000, 0x0000000780800000| Untracked 
|   9|0x0000000780900000, 0x0000000780900000, 0x0000000780a00000|  0%| F|  |TAMS 0x0000000780900000, 0x0000000780900000| Untracked 
|  10|0x0000000780a00000, 0x0000000780a00000, 0x0000000780b00000|  0%| F|  |TAMS 0x0000000780a00000, 0x0000000780a00000| Untracked 
|  11|0x0000000780b00000, 0x0000000780b00000, 0x0000000780c00000|  0%| F|  |TAMS 0x0000000780b00000, 0x0000000780b00000| Untracked 
|  12|0x0000000780c00000, 0x0000000780c00000, 0x0000000780d00000|  0%| F|  |TAMS 0x0000000780c00000, 0x0000000780c00000| Untracked 
|  13|0x0000000780d00000, 0x0000000780d00000, 0x0000000780e00000|  0%| F|  |TAMS 0x0000000780d00000, 0x0000000780d00000| Untracked 
|  14|0x0000000780e00000, 0x0000000780e00000, 0x0000000780f00000|  0%| F|  |TAMS 0x0000000780e00000, 0x0000000780e00000| Untracked 
|  15|0x0000000780f00000, 0x0000000780f00000, 0x0000000781000000|  0%| F|  |TAMS 0x0000000780f00000, 0x0000000780f00000| Untracked 
|  16|0x0000000781000000, 0x0000000781000000, 0x0000000781100000|  0%| F|  |TAMS 0x0000000781000000, 0x0000000781000000| Untracked 
|  17|0x0000000781100000, 0x0000000781100000, 0x0000000781200000|  0%| F|  |TAMS 0x0000000781100000, 0x0000000781100000| Untracked 
|  18|0x0000000781200000, 0x0000000781200000, 0x0000000781300000|  0%| F|  |TAMS 0x0000000781200000, 0x0000000781200000| Untracked 
|  19|0x0000000781300000, 0x0000000781300000, 0x0000000781400000|  0%| F|  |TAMS 0x0000000781300000, 0x0000000781300000| Untracked 
|  20|0x0000000781400000, 0x0000000781400000, 0x0000000781500000|  0%| F|  |TAMS 0x0000000781400000, 0x0000000781400000| Untracked 
|  21|0x0000000781500000, 0x0000000781500000, 0x0000000781600000|  0%| F|  |TAMS 0x0000000781500000, 0x0000000781500000| Untracked 
|  22|0x0000000781600000, 0x0000000781600000, 0x0000000781700000|  0%| F|  |TAMS 0x0000000781600000, 0x0000000781600000| Untracked 
|  23|0x0000000781700000, 0x0000000781700000, 0x0000000781800000|  0%| F|  |TAMS 0x0000000781700000, 0x0000000781700000| Untracked 
|  24|0x0000000781800000, 0x0000000781800000, 0x0000000781900000|  0%| F|  |TAMS 0x0000000781800000, 0x0000000781800000| Untracked 
|  25|0x0000000781900000, 0x0000000781900000, 0x0000000781a00000|  0%| F|  |TAMS 0x0000000781900000, 0x0000000781900000| Untracked 
|  26|0x0000000781a00000, 0x0000000781a00000, 0x0000000781b00000|  0%| F|  |TAMS 0x0000000781a00000, 0x0000000781a00000| Untracked 
|  27|0x0000000781b00000, 0x0000000781b00000, 0x0000000781c00000|  0%| F|  |TAMS 0x0000000781b00000, 0x0000000781b00000| Untracked 
|  28|0x0000000781c00000, 0x0000000781c00000, 0x0000000781d00000|  0%| F|  |TAMS 0x0000000781c00000, 0x0000000781c00000| Untracked 
|  29|0x0000000781d00000, 0x0000000781d00000, 0x0000000781e00000|  0%| F|  |TAMS 0x0000000781d00000, 0x0000000781d00000| Untracked 
|  30|0x0000000781e00000, 0x0000000781e00000, 0x0000000781f00000|  0%| F|  |TAMS 0x0000000781e00000, 0x0000000781e00000| Untracked 
|  31|0x0000000781f00000, 0x0000000781f00000, 0x0000000782000000|  0%| F|  |TAMS 0x0000000781f00000, 0x0000000781f00000| Untracked 
|  32|0x0000000782000000, 0x0000000782000000, 0x0000000782100000|  0%| F|  |TAMS 0x0000000782000000, 0x0000000782000000| Untracked 
|  33|0x0000000782100000, 0x0000000782100000, 0x0000000782200000|  0%| F|  |TAMS 0x0000000782100000, 0x0000000782100000| Untracked 
|  34|0x0000000782200000, 0x0000000782200000, 0x0000000782300000|  0%| F|  |TAMS 0x0000000782200000, 0x0000000782200000| Untracked 
|  35|0x0000000782300000, 0x0000000782300000, 0x0000000782400000|  0%| F|  |TAMS 0x0000000782300000, 0x0000000782300000| Untracked 
|  36|0x0000000782400000, 0x0000000782400000, 0x0000000782500000|  0%| F|  |TAMS 0x0000000782400000, 0x0000000782400000| Untracked 
|  37|0x0000000782500000, 0x0000000782500000, 0x0000000782600000|  0%| F|  |TAMS 0x0000000782500000, 0x0000000782500000| Untracked 
|  38|0x0000000782600000, 0x0000000782600000, 0x0000000782700000|  0%| F|  |TAMS 0x0000000782600000, 0x0000000782600000| Untracked 
|  39|0x0000000782700000, 0x0000000782700000, 0x0000000782800000|  0%| F|  |TAMS 0x0000000782700000, 0x0000000782700000| Untracked 
|  40|0x0000000782800000, 0x0000000782800000, 0x0000000782900000|  0%| F|  |TAMS 0x0000000782800000, 0x0000000782800000| Untracked 
|  41|0x0000000782900000, 0x0000000782900000, 0x0000000782a00000|  0%| F|  |TAMS 0x0000000782900000, 0x0000000782900000| Untracked 
|  42|0x0000000782a00000, 0x0000000782a00000, 0x0000000782b00000|  0%| F|  |TAMS 0x0000000782a00000, 0x0000000782a00000| Untracked 
|  43|0x0000000782b00000, 0x0000000782b00000, 0x0000000782c00000|  0%| F|  |TAMS 0x0000000782b00000, 0x0000000782b00000| Untracked 
|  44|0x0000000782c00000, 0x0000000782c00000, 0x0000000782d00000|  0%| F|  |TAMS 0x0000000782c00000, 0x0000000782c00000| Untracked 
|  45|0x0000000782d00000, 0x0000000782d00000, 0x0000000782e00000|  0%| F|  |TAMS 0x0000000782d00000, 0x0000000782d00000| Untracked 
|  46|0x0000000782e00000, 0x0000000782e00000, 0x0000000782f00000|  0%| F|  |TAMS 0x0000000782e00000, 0x0000000782e00000| Untracked 
|  47|0x0000000782f00000, 0x0000000782f00000, 0x0000000783000000|  0%| F|  |TAMS 0x0000000782f00000, 0x0000000782f00000| Untracked 
|  48|0x0000000783000000, 0x0000000783000000, 0x0000000783100000|  0%| F|  |TAMS 0x0000000783000000, 0x0000000783000000| Untracked 
|  49|0x0000000783100000, 0x0000000783100000, 0x0000000783200000|  0%| F|  |TAMS 0x0000000783100000, 0x0000000783100000| Untracked 
|  50|0x0000000783200000, 0x0000000783200000, 0x0000000783300000|  0%| F|  |TAMS 0x0000000783200000, 0x0000000783200000| Untracked 
|  51|0x0000000783300000, 0x0000000783300000, 0x0000000783400000|  0%| F|  |TAMS 0x0000000783300000, 0x0000000783300000| Untracked 
|  52|0x0000000783400000, 0x0000000783400000, 0x0000000783500000|  0%| F|  |TAMS 0x0000000783400000, 0x0000000783400000| Untracked 
|  53|0x0000000783500000, 0x0000000783500000, 0x0000000783600000|  0%| F|  |TAMS 0x0000000783500000, 0x0000000783500000| Untracked 
|  54|0x0000000783600000, 0x0000000783600000, 0x0000000783700000|  0%| F|  |TAMS 0x0000000783600000, 0x0000000783600000| Untracked 
|  55|0x0000000783700000, 0x0000000783700000, 0x0000000783800000|  0%| F|  |TAMS 0x0000000783700000, 0x0000000783700000| Untracked 
|  56|0x0000000783800000, 0x0000000783800000, 0x0000000783900000|  0%| F|  |TAMS 0x0000000783800000, 0x0000000783800000| Untracked 
|  57|0x0000000783900000, 0x0000000783900000, 0x0000000783a00000|  0%| F|  |TAMS 0x0000000783900000, 0x0000000783900000| Untracked 
|  58|0x0000000783a00000, 0x0000000783a00000, 0x0000000783b00000|  0%| F|  |TAMS 0x0000000783a00000, 0x0000000783a00000| Untracked 
|  59|0x0000000783b00000, 0x0000000783b00000, 0x0000000783c00000|  0%| F|  |TAMS 0x0000000783b00000, 0x0000000783b00000| Untracked 
|  60|0x0000000783c00000, 0x0000000783c00000, 0x0000000783d00000|  0%| F|  |TAMS 0x0000000783c00000, 0x0000000783c00000| Untracked 
|  61|0x0000000783d00000, 0x0000000783d00000, 0x0000000783e00000|  0%| F|  |TAMS 0x0000000783d00000, 0x0000000783d00000| Untracked 
|  62|0x0000000783e00000, 0x0000000783e00000, 0x0000000783f00000|  0%| F|  |TAMS 0x0000000783e00000, 0x0000000783e00000| Untracked 
|  63|0x0000000783f00000, 0x0000000783f00000, 0x0000000784000000|  0%| F|  |TAMS 0x0000000783f00000, 0x0000000783f00000| Untracked 
|  64|0x0000000784000000, 0x0000000784000000, 0x0000000784100000|  0%| F|  |TAMS 0x0000000784000000, 0x0000000784000000| Untracked 
|  65|0x0000000784100000, 0x0000000784100000, 0x0000000784200000|  0%| F|  |TAMS 0x0000000784100000, 0x0000000784100000| Untracked 
|  66|0x0000000784200000, 0x0000000784200000, 0x0000000784300000|  0%| F|  |TAMS 0x0000000784200000, 0x0000000784200000| Untracked 
|  67|0x0000000784300000, 0x0000000784300000, 0x0000000784400000|  0%| F|  |TAMS 0x0000000784300000, 0x0000000784300000| Untracked 
|  68|0x0000000784400000, 0x0000000784400000, 0x0000000784500000|  0%| F|  |TAMS 0x0000000784400000, 0x0000000784400000| Untracked 
|  69|0x0000000784500000, 0x0000000784500000, 0x0000000784600000|  0%| F|  |TAMS 0x0000000784500000, 0x0000000784500000| Untracked 
|  70|0x0000000784600000, 0x0000000784600000, 0x0000000784700000|  0%| F|  |TAMS 0x0000000784600000, 0x0000000784600000| Untracked 
|  71|0x0000000784700000, 0x0000000784700000, 0x0000000784800000|  0%| F|  |TAMS 0x0000000784700000, 0x0000000784700000| Untracked 
|  72|0x0000000784800000, 0x0000000784800000, 0x0000000784900000|  0%| F|  |TAMS 0x0000000784800000, 0x0000000784800000| Untracked 
|  73|0x0000000784900000, 0x0000000784900000, 0x0000000784a00000|  0%| F|  |TAMS 0x0000000784900000, 0x0000000784900000| Untracked 
|  74|0x0000000784a00000, 0x0000000784a00000, 0x0000000784b00000|  0%| F|  |TAMS 0x0000000784a00000, 0x0000000784a00000| Untracked 
|  75|0x0000000784b00000, 0x0000000784b00000, 0x0000000784c00000|  0%| F|  |TAMS 0x0000000784b00000, 0x0000000784b00000| Untracked 
|  76|0x0000000784c00000, 0x0000000784c00000, 0x0000000784d00000|  0%| F|  |TAMS 0x0000000784c00000, 0x0000000784c00000| Untracked 
|  77|0x0000000784d00000, 0x0000000784d00000, 0x0000000784e00000|  0%| F|  |TAMS 0x0000000784d00000, 0x0000000784d00000| Untracked 
|  78|0x0000000784e00000, 0x0000000784e00000, 0x0000000784f00000|  0%| F|  |TAMS 0x0000000784e00000, 0x0000000784e00000| Untracked 
|  79|0x0000000784f00000, 0x0000000784f00000, 0x0000000785000000|  0%| F|  |TAMS 0x0000000784f00000, 0x0000000784f00000| Untracked 
|  80|0x0000000785000000, 0x0000000785000000, 0x0000000785100000|  0%| F|  |TAMS 0x0000000785000000, 0x0000000785000000| Untracked 
|  81|0x0000000785100000, 0x0000000785100000, 0x0000000785200000|  0%| F|  |TAMS 0x0000000785100000, 0x0000000785100000| Untracked 
|  82|0x0000000785200000, 0x0000000785200000, 0x0000000785300000|  0%| F|  |TAMS 0x0000000785200000, 0x0000000785200000| Untracked 
|  83|0x0000000785300000, 0x0000000785300000, 0x0000000785400000|  0%| F|  |TAMS 0x0000000785300000, 0x0000000785300000| Untracked 
|  84|0x0000000785400000, 0x0000000785400000, 0x0000000785500000|  0%| F|  |TAMS 0x0000000785400000, 0x0000000785400000| Untracked 
|  85|0x0000000785500000, 0x0000000785500000, 0x0000000785600000|  0%| F|  |TAMS 0x0000000785500000, 0x0000000785500000| Untracked 
|  86|0x0000000785600000, 0x0000000785600000, 0x0000000785700000|  0%| F|  |TAMS 0x0000000785600000, 0x0000000785600000| Untracked 
|  87|0x0000000785700000, 0x0000000785700000, 0x0000000785800000|  0%| F|  |TAMS 0x0000000785700000, 0x0000000785700000| Untracked 
|  88|0x0000000785800000, 0x0000000785800000, 0x0000000785900000|  0%| F|  |TAMS 0x0000000785800000, 0x0000000785800000| Untracked 
|  89|0x0000000785900000, 0x0000000785900000, 0x0000000785a00000|  0%| F|  |TAMS 0x0000000785900000, 0x0000000785900000| Untracked 
|  90|0x0000000785a00000, 0x0000000785a00000, 0x0000000785b00000|  0%| F|  |TAMS 0x0000000785a00000, 0x0000000785a00000| Untracked 
|  91|0x0000000785b00000, 0x0000000785b00000, 0x0000000785c00000|  0%| F|  |TAMS 0x0000000785b00000, 0x0000000785b00000| Untracked 
|  92|0x0000000785c00000, 0x0000000785c00000, 0x0000000785d00000|  0%| F|  |TAMS 0x0000000785c00000, 0x0000000785c00000| Untracked 
|  93|0x0000000785d00000, 0x0000000785d00000, 0x0000000785e00000|  0%| F|  |TAMS 0x0000000785d00000, 0x0000000785d00000| Untracked 
|  94|0x0000000785e00000, 0x0000000785e00000, 0x0000000785f00000|  0%| F|  |TAMS 0x0000000785e00000, 0x0000000785e00000| Untracked 
|  95|0x0000000785f00000, 0x0000000785f00000, 0x0000000786000000|  0%| F|  |TAMS 0x0000000785f00000, 0x0000000785f00000| Untracked 
|  96|0x0000000786000000, 0x0000000786000000, 0x0000000786100000|  0%| F|  |TAMS 0x0000000786000000, 0x0000000786000000| Untracked 
|  97|0x0000000786100000, 0x0000000786100000, 0x0000000786200000|  0%| F|  |TAMS 0x0000000786100000, 0x0000000786100000| Untracked 
|  98|0x0000000786200000, 0x0000000786200000, 0x0000000786300000|  0%| F|  |TAMS 0x0000000786200000, 0x0000000786200000| Untracked 
|  99|0x0000000786300000, 0x0000000786300000, 0x0000000786400000|  0%| F|  |TAMS 0x0000000786300000, 0x0000000786300000| Untracked 
| 100|0x0000000786400000, 0x0000000786400000, 0x0000000786500000|  0%| F|  |TAMS 0x0000000786400000, 0x0000000786400000| Untracked 
| 101|0x0000000786500000, 0x0000000786500000, 0x0000000786600000|  0%| F|  |TAMS 0x0000000786500000, 0x0000000786500000| Untracked 
| 102|0x0000000786600000, 0x0000000786600000, 0x0000000786700000|  0%| F|  |TAMS 0x0000000786600000, 0x0000000786600000| Untracked 
| 103|0x0000000786700000, 0x0000000786700000, 0x0000000786800000|  0%| F|  |TAMS 0x0000000786700000, 0x0000000786700000| Untracked 
| 104|0x0000000786800000, 0x0000000786800000, 0x0000000786900000|  0%| F|  |TAMS 0x0000000786800000, 0x0000000786800000| Untracked 
| 105|0x0000000786900000, 0x0000000786900000, 0x0000000786a00000|  0%| F|  |TAMS 0x0000000786900000, 0x0000000786900000| Untracked 
| 106|0x0000000786a00000, 0x0000000786a00000, 0x0000000786b00000|  0%| F|  |TAMS 0x0000000786a00000, 0x0000000786a00000| Untracked 
| 107|0x0000000786b00000, 0x0000000786b00000, 0x0000000786c00000|  0%| F|  |TAMS 0x0000000786b00000, 0x0000000786b00000| Untracked 
| 108|0x0000000786c00000, 0x0000000786c00000, 0x0000000786d00000|  0%| F|  |TAMS 0x0000000786c00000, 0x0000000786c00000| Untracked 
| 109|0x0000000786d00000, 0x0000000786d00000, 0x0000000786e00000|  0%| F|  |TAMS 0x0000000786d00000, 0x0000000786d00000| Untracked 
| 110|0x0000000786e00000, 0x0000000786e00000, 0x0000000786f00000|  0%| F|  |TAMS 0x0000000786e00000, 0x0000000786e00000| Untracked 
| 111|0x0000000786f00000, 0x0000000786f00000, 0x0000000787000000|  0%| F|  |TAMS 0x0000000786f00000, 0x0000000786f00000| Untracked 
| 112|0x0000000787000000, 0x0000000787000000, 0x0000000787100000|  0%| F|  |TAMS 0x0000000787000000, 0x0000000787000000| Untracked 
| 113|0x0000000787100000, 0x0000000787100000, 0x0000000787200000|  0%| F|  |TAMS 0x0000000787100000, 0x0000000787100000| Untracked 
| 114|0x0000000787200000, 0x0000000787200000, 0x0000000787300000|  0%| F|  |TAMS 0x0000000787200000, 0x0000000787200000| Untracked 
| 115|0x0000000787300000, 0x0000000787300000, 0x0000000787400000|  0%| F|  |TAMS 0x0000000787300000, 0x0000000787300000| Untracked 
| 116|0x0000000787400000, 0x0000000787400000, 0x0000000787500000|  0%| F|  |TAMS 0x0000000787400000, 0x0000000787400000| Untracked 
| 117|0x0000000787500000, 0x0000000787500000, 0x0000000787600000|  0%| F|  |TAMS 0x0000000787500000, 0x0000000787500000| Untracked 
| 118|0x0000000787600000, 0x0000000787600000, 0x0000000787700000|  0%| F|  |TAMS 0x0000000787600000, 0x0000000787600000| Untracked 
| 119|0x0000000787700000, 0x0000000787700000, 0x0000000787800000|  0%| F|  |TAMS 0x0000000787700000, 0x0000000787700000| Untracked 
| 120|0x0000000787800000, 0x0000000787800000, 0x0000000787900000|  0%| F|  |TAMS 0x0000000787800000, 0x0000000787800000| Untracked 
| 121|0x0000000787900000, 0x0000000787900000, 0x0000000787a00000|  0%| F|  |TAMS 0x0000000787900000, 0x0000000787900000| Untracked 
| 122|0x0000000787a00000, 0x0000000787a00000, 0x0000000787b00000|  0%| F|  |TAMS 0x0000000787a00000, 0x0000000787a00000| Untracked 
| 123|0x0000000787b00000, 0x0000000787b00000, 0x0000000787c00000|  0%| F|  |TAMS 0x0000000787b00000, 0x0000000787b00000| Untracked 
| 124|0x0000000787c00000, 0x0000000787c00000, 0x0000000787d00000|  0%| F|  |TAMS 0x0000000787c00000, 0x0000000787c00000| Untracked 
| 125|0x0000000787d00000, 0x0000000787d76458, 0x0000000787e00000| 46%| E|  |TAMS 0x0000000787d00000, 0x0000000787d00000| Complete 
| 126|0x0000000787e00000, 0x0000000787f00000, 0x0000000787f00000|100%| E|CS|TAMS 0x0000000787e00000, 0x0000000787e00000| Complete 
| 127|0x0000000787f00000, 0x0000000788000000, 0x0000000788000000|100%| E|CS|TAMS 0x0000000787f00000, 0x0000000787f00000| Complete 
|1022|0x00000007bfe00000, 0x00000007bfe51000, 0x00000007bff00000| 31%|OA|  |TAMS 0x00000007bfe00000, 0x00000007bfe00000| Untracked 
|1023|0x00000007bff00000, 0x00000007bff79000, 0x00000007c0000000| 47%|CA|  |TAMS 0x00000007bff00000, 0x00000007bff00000| Untracked 

Card table byte_map: [0x0000000128fc9000,0x00000001293c9000] _byte_map_base: 0x00000001253c9000

Marking Bits (Prev, Next): (CMBitMap*) 0x00007f9efc81a810, (CMBitMap*) 0x00007f9efc81a850
 Prev Bits: [0x00000001297c9000, 0x000000012b7c9000)
 Next Bits: [0x000000012b7c9000, 0x000000012d7c9000)

Polling page: 0x000000010c522000

Metaspace:

Usage:
  Non-class:      4.39 MB capacity,   571.73 KB ( 13%) used,     3.84 MB ( 87%) free+waste,   768 bytes ( <1%) overhead. 
      Class:    428.00 KB capacity,    44.37 KB ( 10%) used,   383.13 KB ( 90%) free+waste,   512 bytes ( <1%) overhead. 
       Both:      4.81 MB capacity,   616.10 KB ( 13%) used,     4.21 MB ( 87%) free+waste,     1.25 KB ( <1%) overhead. 

Virtual space:
  Non-class space:        8.00 MB reserved,       4.50 MB ( 56%) committed 
      Class space:        1.00 GB reserved,     512.00 KB ( <1%) committed 
             Both:        1.01 GB reserved,       5.00 MB ( <1%) committed 

Chunk freelists:
   Non-Class:  60.00 KB
       Class:  4.00 KB
        Both:  64.00 KB

MaxMetaspaceSize: 17179869184.00 GB
CompressedClassSpaceSize: 1.00 GB

CodeHeap 'non-profiled nmethods': size=120028Kb used=26Kb max_used=26Kb free=120001Kb
 bounds [0x0000000121a92000, 0x0000000121d02000, 0x0000000128fc9000]
CodeHeap 'profiled nmethods': size=120028Kb used=189Kb max_used=189Kb free=119838Kb
 bounds [0x000000011a55b000, 0x000000011a7cb000, 0x0000000121a92000]
CodeHeap 'non-nmethods': size=5704Kb used=1066Kb max_used=1080Kb free=4637Kb
 bounds [0x0000000119fc9000, 0x000000011a239000, 0x000000011a55b000]
 total_blobs=433 nmethods=136 adapters=211
 compilation: enabled
              stopped_count=0, restarted_count=0
 full_count=0

Compilation events (20 events):
Event: 0.190 Thread 0x00007f9f0080a800  126       3       java.util.ArrayList::elementData (7 bytes)
Event: 0.190 Thread 0x00007f9f0080a800 nmethod 126 0x000000011a585810 code [0x000000011a5859a0, 0x000000011a585ad0]
Event: 0.191 Thread 0x00007f9f0080a800  128       3       java.nio.Buffer::checkSegment (17 bytes)
Event: 0.192 Thread 0x00007f9f0080a800 nmethod 128 0x000000011a585b90 code [0x000000011a585d20, 0x000000011a585e80]
Event: 0.192 Thread 0x00007f9f0080a800  130       3       java.util.concurrent.ConcurrentHashMap::get (162 bytes)
Event: 0.192 Thread 0x00007f9f0080a800 nmethod 130 0x000000011a585f10 code [0x000000011a586140, 0x000000011a586be0]
Event: 0.192 Thread 0x00007f9f0080a800  132       3       java.nio.Buffer::nextGetIndex (30 bytes)
Event: 0.192 Thread 0x00007f9f0080a800 nmethod 132 0x000000011a586f10 code [0x000000011a5870c0, 0x000000011a587280]
Event: 0.192 Thread 0x00007f9f0080a800  133       3       java.nio.DirectByteBuffer::ix (10 bytes)
Event: 0.192 Thread 0x00007f9f0080a800 nmethod 133 0x000000011a587390 code [0x000000011a587520, 0x000000011a587630]
Event: 0.192 Thread 0x00007f9f0080a800  129       3       java.nio.Buffer::hasRemaining (17 bytes)
Event: 0.192 Thread 0x00007f9f0080a800 nmethod 129 0x000000011a587690 code [0x000000011a587820, 0x000000011a587970]
Event: 0.192 Thread 0x00007f9f0080a800  131   !   3       java.nio.DirectByteBuffer::get (32 bytes)
Event: 0.193 Thread 0x00007f9f0080a800 nmethod 131 0x000000011a587a10 code [0x000000011a587c00, 0x000000011a588080]
Event: 0.193 Thread 0x00007f9f0080a800  134       3       jdk.internal.misc.Unsafe::getByte (7 bytes)
Event: 0.193 Thread 0x00007f9f0080a800 nmethod 134 0x000000011a588310 code [0x000000011a5884a0, 0x000000011a5885b0]
Event: 0.193 Thread 0x00007f9f0080a200  135       4       java.lang.String::length (11 bytes)
Event: 0.193 Thread 0x00007f9f0080a800  136  s!   3       jdk.internal.loader.URLClassPath::getLoader (194 bytes)
Event: 0.194 Thread 0x00007f9f0080a200 nmethod 135 0x0000000121a98810 code [0x0000000121a98980, 0x0000000121a989f8]
Event: 0.194 Thread 0x00007f9f0080a800 nmethod 136 0x000000011a588610 code [0x000000011a588900, 0x000000011a589cc0]

GC Heap History (0 events):
No events

Deoptimization events (0 events):
No events

Classes unloaded (0 events):
No events

Classes redefined (0 events):
No events

Internal exceptions (0 events):
No events

Events (20 events):
Event: 0.162 loading class java/io/IOException
Event: 0.162 loading class java/io/IOException done
Event: 0.162 loading class java/io/UnsupportedEncodingException done
Event: 0.162 loading class java/lang/IllegalStateException
Event: 0.163 loading class java/lang/IllegalStateException done
Event: 0.163 loading class jdk/internal/module/ModulePatcher$PatchedModuleReader
Event: 0.163 loading class jdk/internal/module/ModulePatcher$PatchedModuleReader done
Event: 0.165 Loaded shared library /Library/Java/JavaVirtualMachines/jdk-15.0.1.jdk/Contents/Home/lib/libjimage.dylib
Event: 0.166 loading class sun/net/www/protocol/jrt/Handler
Event: 0.167 loading class sun/net/www/protocol/jrt/Handler done
Event: 0.190 loading class java/beans/PropertyChangeListener
Event: 0.190 loading class java/util/EventListener
Event: 0.191 loading class java/util/EventListener done
Event: 0.191 loading class java/beans/PropertyChangeListener done
Event: 0.191 loading class java/security/cert/X509Certificate
Event: 0.191 loading class java/security/cert/X509Extension
Event: 0.191 loading class java/security/cert/X509Extension done
Event: 0.191 loading class java/security/cert/X509Certificate done
Event: 0.195 loading class java/lang/Class$EnclosingMethodInfo
Event: 0.195 loading class java/lang/Class$EnclosingMethodInfo done


Dynamic libraries:
0x00007fff2a48c000 	/usr/lib/libz.1.dylib
0x000000010c4ec000 	/Library/Java/JavaVirtualMachines/jdk-15.0.1.jdk/Contents/Home/lib/libjli.dylib
0x00007fff34fca000 	/System/Library/Frameworks/Cocoa.framework/Versions/A/Cocoa
0x00007fff22207000 	/System/Library/Frameworks/Security.framework/Versions/A/Security
0x00007fff331c9000 	/System/Library/Frameworks/ApplicationServices.framework/Versions/A/ApplicationServices
0x00007fff2a554000 	/usr/lib/libSystem.B.dylib
0x00007fff2a54e000 	/usr/lib/system/libcache.dylib
0x00007fff2a50a000 	/usr/lib/system/libcommonCrypto.dylib
0x00007fff2a534000 	/usr/lib/system/libcompiler_rt.dylib
0x00007fff2a529000 	/usr/lib/system/libcopyfile.dylib
0x00007fff200de000 	/usr/lib/system/libcorecrypto.dylib
0x00007fff201aa000 	/usr/lib/system/libdispatch.dylib
0x00007fff2035e000 	/usr/lib/system/libdyld.dylib
0x00007fff2a545000 	/usr/lib/system/libkeymgr.dylib
0x00007fff2d987000 	/usr/lib/system/liblaunch.dylib
0x00007fff2a4e8000 	/usr/lib/system/libmacho.dylib
0x00007fff29d03000 	/usr/lib/system/libquarantine.dylib
0x00007fff2a542000 	/usr/lib/system/libremovefile.dylib
0x00007fff24b9c000 	/usr/lib/system/libsystem_asl.dylib
0x00007fff2008e000 	/usr/lib/system/libsystem_blocks.dylib
0x00007fff2022b000 	/usr/lib/system/libsystem_c.dylib
0x00007fff2a53c000 	/usr/lib/system/libsystem_collections.dylib
0x00007fff28ff8000 	/usr/lib/system/libsystem_configuration.dylib
0x00007fff282ec000 	/usr/lib/system/libsystem_containermanager.dylib
0x00007fff2a284000 	/usr/lib/system/libsystem_coreservices.dylib
0x00007fff227bb000 	/usr/lib/system/libsystem_darwin.dylib
0x00007fff2a546000 	/usr/lib/system/libsystem_dnssd.dylib
0x00007fff20228000 	/usr/lib/system/libsystem_featureflags.dylib
0x00007fff203a3000 	/usr/lib/system/libsystem_info.dylib
0x00007fff2a49f000 	/usr/lib/system/libsystem_m.dylib
0x00007fff2017d000 	/usr/lib/system/libsystem_malloc.dylib
0x00007fff24b30000 	/usr/lib/system/libsystem_networkextension.dylib
0x00007fff22bd5000 	/usr/lib/system/libsystem_notify.dylib
0x00007fff2fe34000 	/usr/lib/system/libsystem_product_info_filter.dylib
0x00007fff28ffc000 	/usr/lib/system/libsystem_sandbox.dylib
0x00007fff2a53f000 	/usr/lib/system/libsystem_secinit.dylib
0x00007fff20323000 	/usr/lib/system/libsystem_kernel.dylib
0x00007fff20399000 	/usr/lib/system/libsystem_platform.dylib
0x00007fff20352000 	/usr/lib/system/libsystem_pthread.dylib
0x00007fff2629a000 	/usr/lib/system/libsystem_symptoms.dylib
0x00007fff200c6000 	/usr/lib/system/libsystem_trace.dylib
0x00007fff2a516000 	/usr/lib/system/libunwind.dylib
0x00007fff20090000 	/usr/lib/system/libxpc.dylib
0x00007fff2030a000 	/usr/lib/libc++abi.dylib
0x00007fff201ef000 	/usr/lib/libobjc.A.dylib
0x00007fff2a521000 	/usr/lib/liboah.dylib
0x00007fff202b4000 	/usr/lib/libc++.1.dylib
0x00007fff203cf000 	/System/Library/Frameworks/CoreFoundation.framework/Versions/A/CoreFoundation
0x00007fff2117c000 	/System/Library/Frameworks/Foundation.framework/Versions/C/Foundation
0x00007fff22c2d000 	/System/Library/Frameworks/AppKit.framework/Versions/C/AppKit
0x00007fff25ac3000 	/System/Library/Frameworks/CoreData.framework/Versions/A/CoreData
0x00007fff23990000 	/System/Library/PrivateFrameworks/UIFoundation.framework/Versions/A/UIFoundation
0x00007fff2fbad000 	/System/Library/PrivateFrameworks/RemoteViewServices.framework/Versions/A/RemoteViewServices
0x00007fff289b6000 	/System/Library/PrivateFrameworks/XCTTargetBootstrap.framework/Versions/A/XCTTargetBootstrap
0x00007fff2b693000 	/usr/lib/libspindump.dylib
0x00007fff23be4000 	/System/Library/Frameworks/UniformTypeIdentifiers.framework/Versions/A/UniformTypeIdentifiers
0x00007fff2718d000 	/usr/lib/libapp_launch_measurement.dylib
0x00007fff27190000 	/System/Library/PrivateFrameworks/CoreAutoLayout.framework/Versions/A/CoreAutoLayout
0x00007fff28318000 	/System/Library/Frameworks/Metal.framework/Versions/A/Metal
0x00007fff29007000 	/usr/lib/liblangid.dylib
0x00007fff289ba000 	/System/Library/PrivateFrameworks/CoreSVG.framework/Versions/A/CoreSVG
0x00007fff24bcb000 	/System/Library/PrivateFrameworks/SkyLight.framework/Versions/A/SkyLight
0x00007fff24f31000 	/System/Library/Frameworks/CoreGraphics.framework/Versions/A/CoreGraphics
0x00007fff30204000 	/System/Library/Frameworks/Accelerate.framework/Versions/A/Accelerate
0x00007fff2b0ce000 	/System/Library/PrivateFrameworks/IconServices.framework/Versions/A/IconServices
0x00007fff282fd000 	/System/Library/Frameworks/IOSurface.framework/Versions/A/IOSurface
0x00007fff2644c000 	/usr/lib/libDiagnosticMessagesClient.dylib
0x00007fff289a2000 	/System/Library/PrivateFrameworks/DFRFoundation.framework/Versions/A/DFRFoundation
0x00007fff22559000 	/usr/lib/libicucore.A.dylib
0x00007fff2cbd5000 	/System/Library/Frameworks/AudioToolbox.framework/Versions/A/AudioToolbox
0x00007fff2be7b000 	/System/Library/PrivateFrameworks/DataDetectorsCore.framework/Versions/A/DataDetectorsCore
0x00007fff286a2000 	/System/Library/Frameworks/Carbon.framework/Versions/A/Frameworks/HIToolbox.framework/Versions/A/HIToolbox
0x00007fff26be5000 	/System/Library/Frameworks/QuartzCore.framework/Versions/A/QuartzCore
0x00007fff2fbe9000 	/System/Library/Frameworks/Carbon.framework/Versions/A/Frameworks/SpeechRecognition.framework/Versions/A/SpeechRecognition
0x00007fff26ef5000 	/System/Library/PrivateFrameworks/CoreUI.framework/Versions/A/CoreUI
0x00007fff21b63000 	/System/Library/Frameworks/CoreAudio.framework/Versions/A/CoreAudio
0x00007fff26537000 	/System/Library/Frameworks/DiskArbitration.framework/Versions/A/DiskArbitration
0x00007fff2ba8e000 	/System/Library/PrivateFrameworks/MultitouchSupport.framework/Versions/A/MultitouchSupport
0x00007fff2be72000 	/System/Library/PrivateFrameworks/InternationalSupport.framework/Versions/A/InternationalSupport
0x00007fff24b3f000 	/usr/lib/libenergytrace.dylib
0x00007fff22b27000 	/System/Library/Frameworks/IOKit.framework/Versions/A/IOKit
0x00007fff2ff36000 	/System/Library/Frameworks/CoreServices.framework/Versions/A/CoreServices
0x00007fff27123000 	/System/Library/PrivateFrameworks/PerformanceAnalysis.framework/Versions/A/PerformanceAnalysis
0x00007fff6c833000 	/System/Library/Frameworks/OpenGL.framework/Versions/A/OpenGL
0x00007fff2bef7000 	/System/Library/PrivateFrameworks/UserActivity.framework/Versions/A/UserActivity
0x00007fff255c5000 	/System/Library/Frameworks/ColorSync.framework/Versions/A/ColorSync
0x00007fff28c1e000 	/System/Library/Frameworks/CoreImage.framework/Versions/A/CoreImage
0x00007fff2197a000 	/System/Library/Frameworks/CoreText.framework/Versions/A/CoreText
0x00007fff289e4000 	/System/Library/Frameworks/ImageIO.framework/Versions/A/ImageIO
0x00007fff2a55a000 	/System/Library/PrivateFrameworks/SoftLinking.framework/Versions/A/SoftLinking
0x00007fff271d9000 	/usr/lib/libxml2.2.dylib
0x00007fff2a7cc000 	/usr/lib/libcompression.dylib
0x00007fff24b40000 	/usr/lib/libMobileGestalt.dylib
0x00007fff2bda5000 	/System/Library/PrivateFrameworks/TextureIO.framework/Versions/A/TextureIO
0x00007fff2adf1000 	/usr/lib/libate.dylib
0x00007fff2abd7000 	/usr/lib/liblzma.5.dylib
0x00007fff20e90000 	/System/Library/Frameworks/SystemConfiguration.framework/Versions/A/SystemConfiguration
0x00007fff2a556000 	/usr/lib/libfakelink.dylib
0x00007fff24692000 	/System/Library/Frameworks/CFNetwork.framework/Versions/A/CFNetwork
0x00007fff2a696000 	/usr/lib/libarchive.2.dylib
0x00007fff20f0e000 	/usr/lib/libCRFSuite.dylib
0x00007fff29d2a000 	/usr/lib/libbsm.0.dylib
0x00007fff2404e000 	/usr/lib/libnetwork.dylib
0x00007fff2a55b000 	/usr/lib/libpcap.A.dylib
0x00007fff26293000 	/usr/lib/libdns_services.dylib
0x00007fff2abf0000 	/usr/lib/libcoretls_cfhelpers.dylib
0x00007fff2a79a000 	/usr/lib/libapple_nghttp2.dylib
0x00007fff2a4ee000 	/usr/lib/system/libkxld.dylib
0x00007fff25ef9000 	/usr/lib/libsqlite3.dylib
0x00007fff2a266000 	/System/Library/PrivateFrameworks/AppleFSCompression.framework/Versions/A/AppleFSCompression
0x00007fff29d12000 	/usr/lib/libcoretls.dylib
0x00007fff2a7c7000 	/usr/lib/libpam.2.dylib
0x00007fff2acec000 	/usr/lib/libxar.1.dylib
0x00007fff29003000 	/System/Library/PrivateFrameworks/AppleSystemInfo.framework/Versions/A/AppleSystemInfo
0x00007fff29955000 	/System/Library/PrivateFrameworks/IOMobileFramebuffer.framework/Versions/A/IOMobileFramebuffer
0x00007fff2a276000 	/usr/lib/libbz2.1.0.dylib
0x00007fff2a593000 	/usr/lib/libiconv.2.dylib
0x00007fff2a4e7000 	/usr/lib/libcharset.1.dylib
0x00007fff2715f000 	/System/Library/Frameworks/CoreServices.framework/Versions/A/Frameworks/FSEvents.framework/Versions/A/FSEvents
0x00007fff227c5000 	/System/Library/Frameworks/CoreServices.framework/Versions/A/Frameworks/CarbonCore.framework/Versions/A/CarbonCore
0x00007fff2649c000 	/System/Library/Frameworks/CoreServices.framework/Versions/A/Frameworks/Metadata.framework/Versions/A/Metadata
0x00007fff2a289000 	/System/Library/Frameworks/CoreServices.framework/Versions/A/Frameworks/OSServices.framework/Versions/A/OSServices
0x00007fff2a708000 	/System/Library/Frameworks/CoreServices.framework/Versions/A/Frameworks/SearchKit.framework/Versions/A/SearchKit
0x00007fff2621d000 	/System/Library/Frameworks/CoreServices.framework/Versions/A/Frameworks/AE.framework/Versions/A/AE
0x00007fff2086b000 	/System/Library/Frameworks/CoreServices.framework/Versions/A/Frameworks/LaunchServices.framework/Versions/A/LaunchServices
0x00007fff2ab88000 	/System/Library/Frameworks/CoreServices.framework/Versions/A/Frameworks/DictionaryServices.framework/Versions/A/DictionaryServices
0x00007fff27168000 	/System/Library/Frameworks/CoreServices.framework/Versions/A/Frameworks/SharedFileList.framework/Versions/A/SharedFileList
0x00007fff29d06000 	/usr/lib/libCheckFix.dylib
0x00007fff24bb3000 	/System/Library/PrivateFrameworks/TCC.framework/Versions/A/TCC
0x00007fff29009000 	/System/Library/PrivateFrameworks/CoreNLP.framework/Versions/A/CoreNLP
0x00007fff2644f000 	/System/Library/PrivateFrameworks/MetadataUtilities.framework/Versions/A/MetadataUtilities
0x00007fff20f44000 	/usr/lib/libmecabra.dylib
0x00007fff2a019000 	/System/Library/Frameworks/MLCompute.framework/Versions/A/MLCompute
0x00007fff29d3b000 	/usr/lib/libmecab.dylib
0x00007fff29d85000 	/usr/lib/libgermantok.dylib
0x00007fff2a770000 	/usr/lib/libThaiTokenizer.dylib
0x00007fff2ad27000 	/usr/lib/libChineseTokenizer.dylib
0x00007fff2a7c5000 	/System/Library/Frameworks/MetalPerformanceShaders.framework/Versions/A/MetalPerformanceShaders
0x00007fff2653e000 	/System/Library/Frameworks/Accelerate.framework/Versions/A/Frameworks/vImage.framework/Versions/A/vImage
0x00007fff2ff0f000 	/System/Library/Frameworks/Accelerate.framework/Versions/A/Frameworks/vecLib.framework/Versions/A/vecLib
0x00007fff2ad32000 	/System/Library/Frameworks/Accelerate.framework/Versions/A/Frameworks/vecLib.framework/Versions/A/libvMisc.dylib
0x00007fff2976e000 	/System/Library/Frameworks/Accelerate.framework/Versions/A/Frameworks/vecLib.framework/Versions/A/libvDSP.dylib
0x00007fff20b6f000 	/System/Library/Frameworks/Accelerate.framework/Versions/A/Frameworks/vecLib.framework/Versions/A/libBLAS.dylib
0x00007fff2a7eb000 	/System/Library/Frameworks/Accelerate.framework/Versions/A/Frameworks/vecLib.framework/Versions/A/libLAPACK.dylib
0x00007fff29d8b000 	/System/Library/Frameworks/Accelerate.framework/Versions/A/Frameworks/vecLib.framework/Versions/A/libLinearAlgebra.dylib
0x00007fff2a7b2000 	/System/Library/Frameworks/Accelerate.framework/Versions/A/Frameworks/vecLib.framework/Versions/A/libSparseBLAS.dylib
0x00007fff2a7e5000 	/System/Library/Frameworks/Accelerate.framework/Versions/A/Frameworks/vecLib.framework/Versions/A/libQuadrature.dylib
0x00007fff290b1000 	/System/Library/Frameworks/Accelerate.framework/Versions/A/Frameworks/vecLib.framework/Versions/A/libBNNS.dylib
0x00007fff20e21000 	/System/Library/Frameworks/Accelerate.framework/Versions/A/Frameworks/vecLib.framework/Versions/A/libSparse.dylib
0x00007fff28f9c000 	/System/Library/Frameworks/MetalPerformanceShaders.framework/Versions/A/Frameworks/MPSCore.framework/Versions/A/MPSCore
0x00007fff2a1d5000 	/System/Library/Frameworks/MetalPerformanceShaders.framework/Versions/A/Frameworks/MPSImage.framework/Versions/A/MPSImage
0x00007fff29da1000 	/System/Library/Frameworks/MetalPerformanceShaders.framework/Versions/A/Frameworks/MPSNeuralNetwork.framework/Versions/A/MPSNeuralNetwork
0x00007fff2a160000 	/System/Library/Frameworks/MetalPerformanceShaders.framework/Versions/A/Frameworks/MPSMatrix.framework/Versions/A/MPSMatrix
0x00007fff29fc9000 	/System/Library/Frameworks/MetalPerformanceShaders.framework/Versions/A/Frameworks/MPSRayIntersector.framework/Versions/A/MPSRayIntersector
0x00007fff2a197000 	/System/Library/Frameworks/MetalPerformanceShaders.framework/Versions/A/Frameworks/MPSNDArray.framework/Versions/A/MPSNDArray
0x00007fff20a9b000 	/System/Library/PrivateFrameworks/MetalTools.framework/Versions/A/MetalTools
0x00007fff29001000 	/System/Library/PrivateFrameworks/AggregateDictionary.framework/Versions/A/AggregateDictionary
0x00007fff26427000 	/System/Library/PrivateFrameworks/CoreAnalytics.framework/Versions/A/CoreAnalytics
0x00007fff2a772000 	/System/Library/PrivateFrameworks/AppleSauce.framework/Versions/A/AppleSauce
0x00007fff2830f000 	/System/Library/PrivateFrameworks/IOAccelerator.framework/Versions/A/IOAccelerator
0x00007fff6c827000 	/System/Library/Frameworks/OpenGL.framework/Versions/A/Libraries/libCoreFSCache.dylib
0x00007fff214e0000 	/System/Library/PrivateFrameworks/LanguageModeling.framework/Versions/A/LanguageModeling
0x00007fff29942000 	/System/Library/PrivateFrameworks/CoreEmoji.framework/Versions/A/CoreEmoji
0x00007fff290aa000 	/System/Library/PrivateFrameworks/LinguisticData.framework/Versions/A/LinguisticData
0x00007fff20dd3000 	/System/Library/PrivateFrameworks/Lexicon.framework/Versions/A/Lexicon
0x00007fff2a684000 	/usr/lib/libcmph.dylib
0x00007fff2713f000 	/System/Library/Frameworks/OpenDirectory.framework/Versions/A/Frameworks/CFOpenDirectory.framework/Versions/A/CFOpenDirectory
0x00007fff2712f000 	/System/Library/Frameworks/OpenDirectory.framework/Versions/A/OpenDirectory
0x00007fff2abf2000 	/System/Library/PrivateFrameworks/APFS.framework/Versions/A/APFS
0x00007fff29c67000 	/System/Library/Frameworks/SecurityFoundation.framework/Versions/A/SecurityFoundation
0x00007fff2acfa000 	/usr/lib/libutil.dylib
0x00007fff22aec000 	/System/Library/PrivateFrameworks/CoreServicesStore.framework/Versions/A/CoreServicesStore
0x00007fff29cfe000 	/System/Library/Frameworks/ServiceManagement.framework/Versions/A/ServiceManagement
0x00007fff2acfe000 	/usr/lib/libxslt.1.dylib
0x00007fff29cf4000 	/System/Library/PrivateFrameworks/BackgroundTaskManagement.framework/Versions/A/BackgroundTaskManagement
0x00007fff2bcef000 	/System/Library/Frameworks/ImageIO.framework/Versions/A/Resources/libRadiance.dylib
0x00007fff2bcf9000 	/System/Library/Frameworks/ImageIO.framework/Versions/A/Resources/libJPEG.dylib
0x00007fff2bc48000 	/System/Library/Frameworks/ImageIO.framework/Versions/A/Resources/libPng.dylib
0x00007fff2bc6f000 	/System/Library/Frameworks/ImageIO.framework/Versions/A/Resources/libTIFF.dylib
0x00007fff2bd4e000 	/System/Library/Frameworks/ImageIO.framework/Versions/A/Resources/libGIF.dylib
0x00007fff2b9ab000 	/System/Library/Frameworks/ImageIO.framework/Versions/A/Resources/libJP2.dylib
0x00007fff2b095000 	/usr/lib/libexpat.1.dylib
0x00007fff2b960000 	/System/Library/PrivateFrameworks/AppleJPEG.framework/Versions/A/AppleJPEG
0x00007fff28545000 	/System/Library/PrivateFrameworks/FontServices.framework/libFontParser.dylib
0x00007fff261d1000 	/System/Library/PrivateFrameworks/RunningBoardServices.framework/Versions/A/RunningBoardServices
0x00007fff2ba8a000 	/System/Library/PrivateFrameworks/WatchdogClient.framework/Versions/A/WatchdogClient
0x00007fff215cd000 	/System/Library/Frameworks/CoreDisplay.framework/Versions/A/CoreDisplay
0x00007fff2845b000 	/System/Library/Frameworks/CoreMedia.framework/Versions/A/CoreMedia
0x00007fff272bc000 	/System/Library/Frameworks/CoreVideo.framework/Versions/A/CoreVideo
0x00007fff2bac2000 	/System/Library/Frameworks/VideoToolbox.framework/Versions/A/VideoToolbox
0x00007fff2614f000 	/System/Library/PrivateFrameworks/BaseBoard.framework/Versions/A/BaseBoard
0x00007fff2b1da000 	/System/Library/PrivateFrameworks/PersistentConnection.framework/Versions/A/PersistentConnection
0x00007fff25ee2000 	/System/Library/PrivateFrameworks/ProtocolBuffer.framework/Versions/A/ProtocolBuffer
0x00007fff26136000 	/System/Library/PrivateFrameworks/CommonUtilities.framework/Versions/A/CommonUtilities
0x00007fff2b8f5000 	/System/Library/PrivateFrameworks/Bom.framework/Versions/A/Bom
0x00007fff2bce8000 	/System/Library/PrivateFrameworks/GPUWrangler.framework/Versions/A/GPUWrangler
0x00007fff2bccd000 	/System/Library/PrivateFrameworks/IOPresentment.framework/Versions/A/IOPresentment
0x00007fff2bcf3000 	/System/Library/PrivateFrameworks/DSExternalDisplay.framework/Versions/A/DSExternalDisplay
0x00007fff2bd53000 	/System/Library/PrivateFrameworks/CMCaptureCore.framework/Versions/A/CMCaptureCore
0x00007fff2b67a000 	/System/Library/PrivateFrameworks/AppServerSupport.framework/Versions/A/AppServerSupport
0x00007fff2d726000 	/System/Library/PrivateFrameworks/perfdata.framework/Versions/A/perfdata
0x00007fff29c56000 	/System/Library/PrivateFrameworks/AssertionServices.framework/Versions/A/AssertionServices
0x00007fff21704000 	/System/Library/PrivateFrameworks/AudioToolboxCore.framework/Versions/A/AudioToolboxCore
0x00007fff2843e000 	/System/Library/PrivateFrameworks/caulk.framework/Versions/A/caulk
0x00007fff3d3b3000 	/System/Library/PrivateFrameworks/SystemPolicy.framework/Versions/A/SystemPolicy
0x00007fff2ae8a000 	/usr/lib/libIOReport.dylib
0x00007fff2cf48000 	/usr/lib/libSMC.dylib
0x00007fff2bc15000 	/usr/lib/libAudioToolboxUtility.dylib
0x00007fff3dd1d000 	/usr/lib/libmis.dylib
0x00007fff6c883000 	/System/Library/Frameworks/OpenGL.framework/Versions/A/Libraries/libGLU.dylib
0x00007fff6c846000 	/System/Library/Frameworks/OpenGL.framework/Versions/A/Libraries/libGFXShared.dylib
0x00007fff6ca55000 	/System/Library/Frameworks/OpenGL.framework/Versions/A/Libraries/libGL.dylib
0x00007fff6c84f000 	/System/Library/Frameworks/OpenGL.framework/Versions/A/Libraries/libGLImage.dylib
0x00007fff6c843000 	/System/Library/Frameworks/OpenGL.framework/Versions/A/Libraries/libCVMSPluginSupport.dylib
0x00007fff6c82e000 	/System/Library/Frameworks/OpenGL.framework/Versions/A/Libraries/libCoreVMClient.dylib
0x00007fff6de96000 	/System/Library/Frameworks/OpenCL.framework/Versions/A/OpenCL
0x00007fff2b204000 	/System/Library/PrivateFrameworks/GraphVisualizer.framework/Versions/A/GraphVisualizer
0x00007fff2b213000 	/System/Library/PrivateFrameworks/FaceCore.framework/Versions/A/FaceCore
0x00007fff2b62f000 	/System/Library/PrivateFrameworks/OTSVG.framework/Versions/A/OTSVG
0x00007fff26eb3000 	/System/Library/Frameworks/ApplicationServices.framework/Versions/A/Frameworks/ATS.framework/Versions/A/Resources/libFontRegistry.dylib
0x00007fff2b681000 	/System/Library/PrivateFrameworks/FontServices.framework/libhvf.dylib
0x00007fff2b041000 	/System/Library/PrivateFrameworks/AppleVA.framework/Versions/A/AppleVA
0x00007fff2cd91000 	/System/Library/Frameworks/ApplicationServices.framework/Versions/A/Frameworks/ATS.framework/Versions/A/ATS
0x00007fff2d0a3000 	/System/Library/Frameworks/ApplicationServices.framework/Versions/A/Frameworks/ColorSyncLegacy.framework/Versions/A/ColorSyncLegacy
0x00007fff256bc000 	/System/Library/Frameworks/ApplicationServices.framework/Versions/A/Frameworks/HIServices.framework/Versions/A/HIServices
0x00007fff2d088000 	/System/Library/Frameworks/ApplicationServices.framework/Versions/A/Frameworks/LangAnalysis.framework/Versions/A/LangAnalysis
0x00007fff2bd5d000 	/System/Library/Frameworks/ApplicationServices.framework/Versions/A/Frameworks/PrintCore.framework/Versions/A/PrintCore
0x00007fff2d0ab000 	/System/Library/Frameworks/ApplicationServices.framework/Versions/A/Frameworks/QD.framework/Versions/A/QD
0x00007fff2cd81000 	/System/Library/Frameworks/ApplicationServices.framework/Versions/A/Frameworks/SpeechSynthesis.framework/Versions/A/SpeechSynthesis
0x00007fff2bd1e000 	/System/Library/Frameworks/ApplicationServices.framework/Versions/A/Frameworks/ATSUI.framework/Versions/A/ATSUI
0x00007fff2d028000 	/usr/lib/libcups.2.dylib
0x00007fff2d098000 	/System/Library/PrivateFrameworks/NetAuth.framework/Versions/A/NetAuth
0x00007fff2d742000 	/System/Library/Frameworks/Kerberos.framework/Versions/A/Kerberos
0x00007fff2d752000 	/System/Library/Frameworks/GSS.framework/Versions/A/GSS
0x00007fff2cdfd000 	/usr/lib/libresolv.9.dylib
0x00007fff2b696000 	/System/Library/PrivateFrameworks/Heimdal.framework/Versions/A/Heimdal
0x00007fff334c9000 	/System/Library/Frameworks/Kerberos.framework/Versions/A/Libraries/libHeimdalProxy.dylib
0x00007fff262a2000 	/System/Library/Frameworks/Network.framework/Versions/A/Network
0x00007fff2b0af000 	/usr/lib/libheimdal-asn1.dylib
0x00007fff2d7a2000 	/System/Library/PrivateFrameworks/CommonAuth.framework/Versions/A/CommonAuth
0x00007fff27309000 	/System/Library/PrivateFrameworks/login.framework/Versions/A/Frameworks/loginsupport.framework/Versions/A/loginsupport
0x00007fff2cd06000 	/System/Library/PrivateFrameworks/AudioSession.framework/Versions/A/AudioSession
0x00007fff2cd6e000 	/usr/lib/libAudioStatistics.dylib
0x00007fff2b13c000 	/System/Library/PrivateFrameworks/MediaExperience.framework/Versions/A/MediaExperience
0x00007fff2cba3000 	/System/Library/PrivateFrameworks/AudioSession.framework/libSessionUtility.dylib
0x00007fff2d733000 	/usr/lib/libperfcheck.dylib
0x00007fff2d0b7000 	/System/Library/PrivateFrameworks/AudioResourceArbitration.framework/Versions/A/AudioResourceArbitration
0x00007fff2b0b9000 	/System/Library/PrivateFrameworks/IconFoundation.framework/Versions/A/IconFoundation
0x00007fff2fbd9000 	/System/Library/PrivateFrameworks/SpeechRecognitionCore.framework/Versions/A/SpeechRecognitionCore
0x00007fff58fca000 	/System/Library/CoreServices/Encodings/libJapaneseConverter.dylib
0x0000000110800000 	/Library/Java/JavaVirtualMachines/jdk-15.0.1.jdk/Contents/Home/lib/server/libjvm.dylib
0x000000010c516000 	/Library/Java/JavaVirtualMachines/jdk-15.0.1.jdk/Contents/Home/lib/libjimage.dylib
0x000000010c56c000 	/Library/Java/JavaVirtualMachines/jdk-15.0.1.jdk/Contents/Home/lib/libjava.dylib
0x0000000111bcc000 	/Library/Java/JavaVirtualMachines/jdk-15.0.1.jdk/Contents/Home/lib/libnio.dylib
0x0000000111be0000 	/Library/Java/JavaVirtualMachines/jdk-15.0.1.jdk/Contents/Home/lib/libnet.dylib
0x0000000111bf9000 	/Library/Java/JavaVirtualMachines/jdk-15.0.1.jdk/Contents/Home/lib/libzip.dylib


VM Arguments:
jvm_args: -Dfile.encoding=UTF-8 
java_command: org.apache.catalina.startup.Tomcat$1
java_class_path (initial): /Users/asaitomotaka/LetsEngineer/curriculum/JavaStudy/Check3/build/classes:/Applications/Eclipse_2020-12.app/Contents/tomcat/8/lib/tomcat-i18n-ko.jar:/Applications/Eclipse_2020-12.app/Contents/tomcat/8/lib/el-api.jar:/Applications/Eclipse_2020-12.app/Contents/tomcat/8/lib/tomcat-i18n-es.jar:/Applications/Eclipse_2020-12.app/Contents/tomcat/8/lib/tomcat-websocket.jar:/Applications/Eclipse_2020-12.app/Contents/tomcat/8/lib/jasper.jar:/Applications/Eclipse_2020-12.app/Contents/tomcat/8/lib/jasper-el.jar:/Applications/Eclipse_2020-12.app/Contents/tomcat/8/lib/tomcat-util.jar:/Applications/Eclipse_2020-12.app/Contents/tomcat/8/lib/tomcat-i18n-de.jar:/Applications/Eclipse_2020-12.app/Contents/tomcat/8/lib/catalina-storeconfig.jar:/Applications/Eclipse_2020-12.app/Contents/tomcat/8/lib/jsp-api.jar:/Applications/Eclipse_2020-12.app/Contents/tomcat/8/lib/catalina-tribes.jar:/Applications/Eclipse_2020-12.app/Contents/tomcat/8/lib/catalina.jar:/Applications/Eclipse_2020-12.app/Contents/tomcat/8/lib/tomcat-jni.jar:/Applications/Eclipse_2020-12.app/Contents/tomcat/8/lib/websocket-api.jar:/Applications/Eclipse_2020-12.app/Contents/tomcat/8/lib/tomcat-coyote.jar:/Applications/Eclipse_2020-12.app/Contents/tomcat/8/lib/catalina-ha.jar:/Applications/Eclipse_2020-12.app/Contents/tomcat/8/lib/tomcat-api.jar:/Applications/Eclipse_2020-12.app/Contents/tomcat/8/lib/annotations-api.jar:/Applications/Eclipse_2020-12.app/Contents/tomcat/8/lib/jaspic-api.jar:/Applications/Eclipse_2020-12.app/Contents/tomcat/8/lib/tomcat-i18n-zh-CN.jar:/Applications/Eclipse_2020-12.app/Contents/tomcat/8/lib/catalina-ant.jar:/Applications/Eclipse_2020-12.app/Contents/tomcat/8/lib/ecj-4.6.3.jar:/Applications/Eclipse_2020-12.app/Contents/tomcat/8/lib/servlet-api.jar:/Applications/Eclipse_2020-12.app/Contents/tomcat/8/lib/tomcat-util-scan.jar:/Applications/Eclipse_2020-12.app/Contents/tomcat/8/lib/tomcat-i18n-ja.jar:/Applications/Eclipse_2020-12.app/Contents/tomcat/8/lib/tomcat-i18n-ru
Launcher Type: SUN_STANDARD

[Global flags]
     intx CICompilerCount                          = 4                                         {product} {ergonomic}
     uint ConcGCThreads                            = 2                                         {product} {ergonomic}
     uint G1ConcRefinementThreads                  = 8                                         {product} {ergonomic}
   size_t G1HeapRegionSize                         = 1048576                                   {product} {ergonomic}
    uintx GCDrainStackTargetSize                   = 64                                        {product} {ergonomic}
   size_t InitialHeapSize                          = 134217728                                 {product} {ergonomic}
   size_t MarkStackSize                            = 4194304                                   {product} {ergonomic}
   size_t MaxHeapSize                              = 2147483648                                {product} {ergonomic}
   size_t MaxNewSize                               = 1287651328                                {product} {ergonomic}
   size_t MinHeapDeltaBytes                        = 1048576                                   {product} {ergonomic}
   size_t MinHeapSize                              = 8388608                                   {product} {ergonomic}
    uintx NonNMethodCodeHeapSize                   = 5839372                                {pd product} {ergonomic}
    uintx NonProfiledCodeHeapSize                  = 122909434                              {pd product} {ergonomic}
    uintx ProfiledCodeHeapSize                     = 122909434                              {pd product} {ergonomic}
    uintx ReservedCodeCacheSize                    = 251658240                              {pd product} {ergonomic}
     bool SegmentedCodeCache                       = true                                      {product} {ergonomic}
   size_t SoftMaxHeapSize                          = 2147483648                             {manageable} {ergonomic}
     bool UseCompressedClassPointers               = true                                 {lp64_product} {ergonomic}
     bool UseCompressedOops                        = true                                 {lp64_product} {ergonomic}
     bool UseG1GC                                  = true                                      {product} {ergonomic}
     bool UseNUMA                                  = false                                     {product} {ergonomic}
     bool UseNUMAInterleaving                      = false                                     {product} {ergonomic}

Logging:
Log output configuration:
 #0: stdout all=warning uptime,level,tags
 #1: stderr all=off uptime,level,tags

Environment Variables:
PATH=/usr/bin:/bin:/usr/sbin:/sbin
SHELL=/bin/zsh

Signal Handlers:
SIGSEGV: [libjvm.dylib+0x9fe2e0], sa_mask[0]=11111111011111110111111111111111, sa_flags=SA_ONSTACK|SA_RESTART|SA_SIGINFO
SIGBUS: [libjvm.dylib+0x9fe2e0], sa_mask[0]=11111111011111110111111111111111, sa_flags=SA_RESTART|SA_SIGINFO
SIGFPE: [libjvm.dylib+0x9fe2e0], sa_mask[0]=11111111011111110111111111111111, sa_flags=SA_RESTART|SA_SIGINFO
SIGPIPE: [libjvm.dylib+0x82a110], sa_mask[0]=11111111011111110111111111111111, sa_flags=SA_RESTART|SA_SIGINFO
SIGXFSZ: [libjvm.dylib+0x82a110], sa_mask[0]=11111111011111110111111111111111, sa_flags=SA_RESTART|SA_SIGINFO
SIGILL: [libjvm.dylib+0x9fe2e0], sa_mask[0]=11111111011111110111111111111111, sa_flags=SA_RESTART|SA_SIGINFO
SIGUSR2: [libjvm.dylib+0x82ac20], sa_mask[0]=00100000000000000000000000000000, sa_flags=SA_RESTART|SA_SIGINFO
SIGHUP: [libjvm.dylib+0x829320], sa_mask[0]=11111111011111110111111111111111, sa_flags=SA_RESTART|SA_SIGINFO
SIGINT: [libjvm.dylib+0x829320], sa_mask[0]=11111111011111110111111111111111, sa_flags=SA_RESTART|SA_SIGINFO
SIGTERM: [libjvm.dylib+0x829320], sa_mask[0]=11111111011111110111111111111111, sa_flags=SA_RESTART|SA_SIGINFO
SIGQUIT: [libjvm.dylib+0x829320], sa_mask[0]=11111111011111110111111111111111, sa_flags=SA_RESTART|SA_SIGINFO


---------------  S Y S T E M  ---------------

OS:uname: Darwin 20.2.0 Darwin Kernel Version 20.2.0: Wed Dec  2 20:39:59 PST 2020; root:xnu-7195.60.75~1/RELEASE_X86_64 x86_64
OS uptime: 1 days 8:30 hours
rlimit (soft/hard): STACK 8192k/65532k , CORE 0k/infinity , NPROC 1392/2088 , NOFILE 10240/infinity , AS infinity/infinity , CPU infinity/infinity , DATA infinity/infinity , FSIZE infinity/infinity , MEMLOCK infinity/infinity , RSS infinity/infinity
load average: 3.12 2.95 2.73

CPU: total 8 (initial active 8) (4 cores per cpu, 2 threads per core) family 6 model 142 stepping 10 microcode 0xe0, cmov, cx8, fxsr, mmx, sse, sse2, sse3, ssse3, sse4.1, sse4.2, popcnt, vzeroupper, avx, avx2, aes, clmul, erms, 3dnowpref, lzcnt, ht, tsc, tscinvbit, bmi1, bmi2, adx, fma, clflush, clflushopt

Memory: 4k page, physical 8388608k(35684k free), swap 2097152k(917760k free)

vm_info: Java HotSpot(TM) 64-Bit Server VM (15.0.1+9-18) for bsd-amd64 JRE (15.0.1+9-18), built on Sep 15 2020 13:50:45 by "mach5one" with clang 4.2.1 Compatible Apple LLVM 10.0.0 (clang-1000.11.45.5)

END.
