#
# A fatal error has been detected by the Java Runtime Environment:
#
#  SIGSEGV (0xb) at pc=0x00000001138034d4, pid=18284, tid=6147
#
# JRE version: Java(TM) SE Runtime Environment (15.0.1+9) (build 15.0.1+9-18)
# Java VM: Java HotSpot(TM) 64-Bit Server VM (15.0.1+9-18, mixed mode, sharing, tiered, compressed oops, g1 gc, bsd-amd64)
# Problematic frame:
# V  [libjvm.dylib+0x34d4]  AccessInternal::PostRuntimeDispatch<G1BarrierSet::AccessBarrier<548980ull, G1BarrierSet>, (AccessInternal::BarrierType)2, 548980ull>::oop_access_barrier(void*)+0x4
#
# No core dump will be written. Core dumps have been disabled. To enable core dumping, try "ulimit -c unlimited" before starting Java again
#
# If you would like to submit a bug report, please visit:
#   https://bugreport.java.com/bugreport/crash.jsp
#

---------------  S U M M A R Y ------------

Command Line: -Dfile.encoding=UTF-8 -XX:+ShowCodeDetailsInExceptionMessages org.apache.catalina.startup.Tomcat$1

Host: MacBookPro16,3 x86_64 1400 MHz, 8 cores, 8G, Darwin 20.2.0
Time: Thu Jan  7 20:07:08 2021 JST elapsed time: 0.198679 seconds (0d 0h 0m 0s)

---------------  T H R E A D  ---------------

Current thread (0x00007f99f480ac00):  JavaThread "main" [_thread_in_vm, id=6147, stack(0x000070000560a000,0x000070000570a000)]

Stack: [0x000070000560a000,0x000070000570a000],  sp=0x0000700005709df0,  free space=1023k
Native frames: (J=compiled Java code, A=aot compiled Java code, j=interpreted, Vv=VM code, C=native code)
V  [libjvm.dylib+0x34d4]  AccessInternal::PostRuntimeDispatch<G1BarrierSet::AccessBarrier<548980ull, G1BarrierSet>, (AccessInternal::BarrierType)2, 548980ull>::oop_access_barrier(void*)+0x4
V  [libjvm.dylib+0x5167b5]  jni_GetStringUTFChars+0xc5
C  [libjli.dylib+0x79ed]  PostJVMInit+0xad
C  [libjli.dylib+0x4ed8]  JavaMain+0xbb8
C  [libjli.dylib+0x7659]  ThreadJavaMain+0x9
C  [libsystem_pthread.dylib+0x6950]  _pthread_start+0xe0
C  [libsystem_pthread.dylib+0x247b]  thread_start+0xf


siginfo: si_signo: 11 (SIGSEGV), si_code: 1 (SEGV_MAPERR), si_addr: 0x0000000000000000

Register to memory mapping:

RAX=0x000000010f45d000 points into unknown readable memory: 0x0000000000000000 | 00 00 00 00 00 00 00 00
RBX=0x0 is NULL
RCX=0x00000001143b7e70: jni_NativeInterface+0 in /Library/Java/JavaVirtualMachines/jdk-15.0.1.jdk/Contents/Home/lib/server/libjvm.dylib at 0x0000000113800000
RDX=0x0 is NULL
RSP=0x0000700005709df0 is pointing into the stack for thread: 0x00007f99f480ac00
RBP=0x0000700005709df0 is pointing into the stack for thread: 0x00007f99f480ac00
RSI=0x0 is NULL
RDI=0x0 is NULL
R8 ={method} {0x000000080000e2b8} 'getCanonicalName' '()Ljava/lang/String;' in 'java/lang/Class'
R9 =0x00007f99f3809000 points into unknown readable memory: 0x000000080000e2b8 | b8 e2 00 00 08 00 00 00
R10=0x00000001144360c0: _ZN19TemplateInterpreter13_active_tableE+0x4800 in /Library/Java/JavaVirtualMachines/jdk-15.0.1.jdk/Contents/Home/lib/server/libjvm.dylib at 0x0000000113800000
R11=0x0 is NULL
R12=0x00007f99f480ac00 is a thread
R13=0x0 is NULL
R14=0x0 is NULL
R15=0x0 is NULL


Registers:
RAX=0x000000010f45d000, RBX=0x0000000000000000, RCX=0x00000001143b7e70, RDX=0x0000000000000000
RSP=0x0000700005709df0, RBP=0x0000700005709df0, RSI=0x0000000000000000, RDI=0x0000000000000000
R8 =0x000000080000e2b8, R9 =0x00007f99f3809000, R10=0x00000001144360c0, R11=0x0000000000000000
R12=0x00007f99f480ac00, R13=0x0000000000000000, R14=0x0000000000000000, R15=0x0000000000000000
RIP=0x00000001138034d4, EFLAGS=0x0000000000010246, ERR=0x0000000000000004
  TRAPNO=0x000000000000000e

Top of Stack: (sp=0x0000700005709df0)
0x0000700005709df0:   0000700005709e80 0000000113d167b5
0x0000700005709e00:   00007f99f480ac00 0000000000000000
0x0000700005709e10:   000000010f42db92 000000010f42db81
0x0000700005709e20:   deb6cb0fb88b002c 00007f99f480af28
0x0000700005709e30:   00007f99f480ac00 0000000000000000
0x0000700005709e40:   0000000000000000 00007f99f480ac00
0x0000700005709e50:   0000700005709e80 00007f99f480af28
0x0000700005709e60:   00007f99f3809928 0000000000000000
0x0000700005709e70:   0000000000000000 00007f99f3809920
0x0000700005709e80:   0000700005709f10 000000010f4299ed
0x0000700005709e90:   00007f99f480af28 00007f99f480ac00
0x0000700005709ea0:   0000700005709ed0 0000000113d035df
0x0000700005709eb0:   deb6cb0fb88b002c 00007f99f3809908
0x0000700005709ec0:   00007f99f3809928 0000000000000000
0x0000700005709ed0:   00007f99f480af28 00007f99f480ac00
0x0000700005709ee0:   0000700005709f10 deb6cb0fb88b002c
0x0000700005709ef0:   00007f99f3809908 00007f99f3809928
0x0000700005709f00:   00007f99f3809938 00007f99f3809920
0x0000700005709f10:   0000700005709fa0 000000010f426ed8
0x0000700005709f20:   0000000000000000 0005b84d70d72002
0x0000700005709f30:   0000000500010002 00007f99f1c0b650
0x0000700005709f40:   0000000000000000 0000000000000000
0x0000700005709f50:   00007f99f1f041a0 0000000000000001
0x0000700005709f60:   00007f99f1f04770 00007f99f480af28
0x0000700005709f70:   00000001143b7e68 000070000570a000
0x0000700005709f80:   0000000000000000 0000000000000000
0x0000700005709f90:   0000000000000000 0000000000000000
0x0000700005709fa0:   0000700005709fb0 000000010f429659
0x0000700005709fb0:   0000700005709fd0 00007fff2033a950
0x0000700005709fc0:   0000000000000000 0000000000000000
0x0000700005709fd0:   0000700005709ff0 00007fff2033647b
0x0000700005709fe0:   0000000000000000 0000000000000000 

Instructions: (pc=0x00000001138034d4)
0x00000001138033d4:   ff 0b 73 0e 48 63 c7 48 8d 0d ae 7e ae 00 8b 04
0x00000001138033e4:   81 c3 55 48 89 e5 48 8d 3d 13 94 a6 00 be 9c 00
0x00000001138033f4:   00 00 e8 75 bc 2f 00 e8 b0 42 82 00 31 c0 5d c3
0x0000000113803404:   66 66 66 2e 0f 1f 84 00 00 00 00 00 55 48 89 e5
0x0000000113803414:   48 8b 47 08 0f b7 48 32 0f b7 40 30 8d 44 01 19
0x0000000113803424:   5d c3 66 2e 0f 1f 84 00 00 00 00 00 55 48 89 e5
0x0000000113803434:   53 50 48 89 fb 48 8d 0d f8 4a c1 00 48 8d 05 d9
0x0000000113803444:   91 be 00 48 8b 00 8b 40 10 ff c8 80 39 00 74 10
0x0000000113803454:   83 f8 04 73 1f 48 98 48 8d 0d 7e d4 b0 00 eb 0e
0x0000000113803464:   83 f8 04 73 0f 48 98 48 8d 0d 8e d4 b0 00 48 8b
0x0000000113803474:   04 c1 eb 21 48 8d 3d bc 93 a6 00 48 8d 15 e5 93
0x0000000113803484:   a6 00 be e8 00 00 00 31 c0 e8 de b9 2f 00 e8 19
0x0000000113803494:   42 82 00 31 c0 48 89 05 90 11 bb 00 48 89 df 48
0x00000001138034a4:   83 c4 08 5b 5d ff e0 0f 1f 44 00 00 55 48 89 e5
0x00000001138034b4:   48 8b 07 5d c3 0f 1f 80 00 00 00 00 55 48 89 e5
0x00000001138034c4:   48 8b 07 5d c3 0f 1f 80 00 00 00 00 55 48 89 e5
0x00000001138034d4:   48 8b 07 5d c3 0f 1f 80 00 00 00 00 55 48 89 e5
0x00000001138034e4:   41 57 41 56 53 50 49 89 fe 49 8b 1e 4c 8d 3d 41
0x00000001138034f4:   67 c4 00 49 85 1f 74 3c 48 89 df e8 8c 31 a3 00
0x0000000113803504:   48 89 c1 48 85 c9 74 29 48 89 d8 f0 49 0f b1 0e
0x0000000113803514:   48 89 c2 48 39 da 74 19 0f 1f 40 00 49 85 17 74
0x0000000113803524:   10 48 89 d0 f0 49 0f b1 0e 48 39 d0 48 89 c2 75
0x0000000113803534:   eb 48 89 cb 48 89 d8 48 83 c4 08 5b 41 5e 41 5f
0x0000000113803544:   5d c3 66 2e 0f 1f 84 00 00 00 00 00 55 48 89 e5
0x0000000113803554:   48 8b 07 5d c3 0f 1f 80 00 00 00 00 55 48 89 e5
0x0000000113803564:   48 8b 07 5d c3 0f 1f 80 00 00 00 00 55 48 89 e5
0x0000000113803574:   48 8b 07 5d c3 0f 1f 80 00 00 00 00 55 48 89 e5
0x0000000113803584:   41 57 41 56 53 50 49 89 fe 49 8b 1e 4c 8d 3d a1
0x0000000113803594:   66 c4 00 49 85 1f 74 3c 48 89 df e8 ec 30 a3 00
0x00000001138035a4:   48 89 c1 48 85 c9 74 29 48 89 d8 f0 49 0f b1 0e
0x00000001138035b4:   48 89 c2 48 39 da 74 19 0f 1f 40 00 49 85 17 74
0x00000001138035c4:   10 48 89 d0 f0 49 0f b1 0e 48 39 d0 48 89 c2 75 


Stack slot to memory mapping:
stack at sp + 0 slots: 0x0000700005709e80 is pointing into the stack for thread: 0x00007f99f480ac00
stack at sp + 1 slots: 0x0000000113d167b5: jni_GetStringUTFChars+0xc5 in /Library/Java/JavaVirtualMachines/jdk-15.0.1.jdk/Contents/Home/lib/server/libjvm.dylib at 0x0000000113800000
stack at sp + 2 slots: 0x00007f99f480ac00 is a thread
stack at sp + 3 slots: 0x0 is NULL
stack at sp + 4 slots: 0x000000010f42db92: JLI_WildcardExpandClasspath+0x2282 in /Library/Java/JavaVirtualMachines/jdk-15.0.1.jdk/Contents/Home/lib/libjli.dylib at 0x000000010f422000
stack at sp + 5 slots: 0x000000010f42db81: JLI_WildcardExpandClasspath+0x2271 in /Library/Java/JavaVirtualMachines/jdk-15.0.1.jdk/Contents/Home/lib/libjli.dylib at 0x000000010f422000
stack at sp + 6 slots: 0xdeb6cb0fb88b002c is an unknown value
stack at sp + 7 slots: 0x00007f99f480af28 points into unknown readable memory: 0x00000001143b7e70 | 70 7e 3b 14 01 00 00 00


---------------  P R O C E S S  ---------------

Threads class SMR info:
_java_thread_list=0x00007f99f1f45570, length=10, elements={
0x00007f99f480ac00, 0x00007f99f309d400, 0x00007f99f2008200, 0x00007f99f309da00,
0x00007f99f30a1200, 0x00007f99f30a1c00, 0x00007f99f30a2200, 0x00007f99f2809600,
0x00007f99f3105000, 0x00007f99f3105600
}

Java Threads: ( => current thread )
=>0x00007f99f480ac00 JavaThread "main" [_thread_in_vm, id=6147, stack(0x000070000560a000,0x000070000570a000)]
  0x00007f99f309d400 JavaThread "Reference Handler" daemon [_thread_blocked, id=16643, stack(0x0000700005d1f000,0x0000700005e1f000)]
  0x00007f99f2008200 JavaThread "Finalizer" daemon [_thread_blocked, id=16387, stack(0x0000700005e22000,0x0000700005f22000)]
  0x00007f99f309da00 JavaThread "Signal Dispatcher" daemon [_thread_blocked, id=22531, stack(0x000070000602b000,0x000070000612b000)]
  0x00007f99f30a1200 JavaThread "Service Thread" daemon [_thread_blocked, id=23043, stack(0x000070000612e000,0x000070000622e000)]
  0x00007f99f30a1c00 JavaThread "C2 CompilerThread0" daemon [_thread_blocked, id=41475, stack(0x0000700006231000,0x0000700006331000)]
  0x00007f99f30a2200 JavaThread "C1 CompilerThread0" daemon [_thread_blocked, id=24067, stack(0x0000700006334000,0x0000700006434000)]
  0x00007f99f2809600 JavaThread "Sweeper thread" daemon [_thread_blocked, id=40451, stack(0x0000700006437000,0x0000700006537000)]
  0x00007f99f3105000 JavaThread "Notification Thread" daemon [_thread_blocked, id=25091, stack(0x000070000653a000,0x000070000663a000)]
  0x00007f99f3105600 JavaThread "Common-Cleaner" daemon [_thread_blocked, id=39171, stack(0x0000700006740000,0x0000700006840000)]

Other Threads:
  0x00007f99f1c0c4b0 VMThread "VM Thread" [stack: 0x0000700005c1c000,0x0000700005d1c000] [id=13571]
  0x00007f99f1f44340 WatcherThread [stack: 0x000070000663d000,0x000070000673d000] [id=25603]
  0x00007f99f3815470 GCTaskThread "GC Thread#0" [stack: 0x000070000570d000,0x000070000580d000] [id=19203]
  0x00007f99f1f0d4d0 ConcurrentGCThread "G1 Main Marker" [stack: 0x0000700005810000,0x0000700005910000] [id=18947]
  0x00007f99f1f0e4e0 ConcurrentGCThread "G1 Conc#0" [stack: 0x0000700005913000,0x0000700005a13000] [id=17923]
  0x00007f99f1f2b0f0 ConcurrentGCThread "G1 Refine#0" [stack: 0x0000700005a16000,0x0000700005b16000] [id=12547]
  0x00007f99f1f2c170 ConcurrentGCThread "G1 Young RemSet Sampling" [stack: 0x0000700005b19000,0x0000700005c19000] [id=13059]

Threads with active compile tasks:

VM state: not at safepoint (normal execution)

VM Mutex/Monitor currently owned by a thread: None

Heap address: 0x0000000780000000, size: 2048 MB, Compressed Oops mode: Zero based, Oop shift amount: 3
CDS archive(s) mapped at: [0x0000000800000000-0x0000000800b2c000-0x0000000800b2c000), size 11714560, SharedBaseAddress: 0x0000000800000000, ArchiveRelocationMode: 0.
Compressed class space mapped at: 0x0000000800b2c000-0x0000000840b2c000, size: 1073741824
Narrow klass base: 0x0000000800000000, Narrow klass shift: 3, Narrow klass range: 0x100000000

GC Precious Log:
 CPUs: 8 total, 8 available
 Memory: 8192M
 Large Page Support: Disabled
 NUMA Support: Disabled
 Compressed Oops: Enabled (Zero based)
 Heap Region Size: 1M
 Heap Min Capacity: 8M
 Heap Initial Capacity: 128M
 Heap Max Capacity: 2G
 Pre-touch: Disabled
 Parallel Workers: 8
 Concurrent Workers: 2
 Concurrent Refinement Workers: 8
 Periodic GC: Disabled

Heap:
 garbage-first heap   total 133120K, used 2856K [0x0000000780000000, 0x0000000800000000)
  region size 1024K, 3 young (3072K), 0 survivors (0K)
 Metaspace       used 617K, capacity 4928K, committed 5120K, reserved 1056768K
  class space    used 44K, capacity 428K, committed 512K, reserved 1048576K

Heap Regions: E=young(eden), S=young(survivor), O=old, HS=humongous(starts), HC=humongous(continues), CS=collection set, F=free, OA=open archive, CA=closed archive, TAMS=top-at-mark-start (previous, next)
|   0|0x0000000780000000, 0x0000000780000000, 0x0000000780100000|  0%| F|  |TAMS 0x0000000780000000, 0x0000000780000000| Untracked 
|   1|0x0000000780100000, 0x0000000780100000, 0x0000000780200000|  0%| F|  |TAMS 0x0000000780100000, 0x0000000780100000| Untracked 
|   2|0x0000000780200000, 0x0000000780200000, 0x0000000780300000|  0%| F|  |TAMS 0x0000000780200000, 0x0000000780200000| Untracked 
|   3|0x0000000780300000, 0x0000000780300000, 0x0000000780400000|  0%| F|  |TAMS 0x0000000780300000, 0x0000000780300000| Untracked 
|   4|0x0000000780400000, 0x0000000780400000, 0x0000000780500000|  0%| F|  |TAMS 0x0000000780400000, 0x0000000780400000| Untracked 
|   5|0x0000000780500000, 0x0000000780500000, 0x0000000780600000|  0%| F|  |TAMS 0x0000000780500000, 0x0000000780500000| Untracked 
|   6|0x0000000780600000, 0x0000000780600000, 0x0000000780700000|  0%| F|  |TAMS 0x0000000780600000, 0x0000000780600000| Untracked 
|   7|0x0000000780700000, 0x0000000780700000, 0x0000000780800000|  0%| F|  |TAMS 0x0000000780700000, 0x0000000780700000| Untracked 
|   8|0x0000000780800000, 0x0000000780800000, 0x0000000780900000|  0%| F|  |TAMS 0x0000000780800000, 0x0000000780800000| Untracked 
|   9|0x0000000780900000, 0x0000000780900000, 0x0000000780a00000|  0%| F|  |TAMS 0x0000000780900000, 0x0000000780900000| Untracked 
|  10|0x0000000780a00000, 0x0000000780a00000, 0x0000000780b00000|  0%| F|  |TAMS 0x0000000780a00000, 0x0000000780a00000| Untracked 
|  11|0x0000000780b00000, 0x0000000780b00000, 0x0000000780c00000|  0%| F|  |TAMS 0x0000000780b00000, 0x0000000780b00000| Untracked 
|  12|0x0000000780c00000, 0x0000000780c00000, 0x0000000780d00000|  0%| F|  |TAMS 0x0000000780c00000, 0x0000000780c00000| Untracked 
|  13|0x0000000780d00000, 0x0000000780d00000, 0x0000000780e00000|  0%| F|  |TAMS 0x0000000780d00000, 0x0000000780d00000| Untracked 
|  14|0x0000000780e00000, 0x0000000780e00000, 0x0000000780f00000|  0%| F|  |TAMS 0x0000000780e00000, 0x0000000780e00000| Untracked 
|  15|0x0000000780f00000, 0x0000000780f00000, 0x0000000781000000|  0%| F|  |TAMS 0x0000000780f00000, 0x0000000780f00000| Untracked 
|  16|0x0000000781000000, 0x0000000781000000, 0x0000000781100000|  0%| F|  |TAMS 0x0000000781000000, 0x0000000781000000| Untracked 
|  17|0x0000000781100000, 0x0000000781100000, 0x0000000781200000|  0%| F|  |TAMS 0x0000000781100000, 0x0000000781100000| Untracked 
|  18|0x0000000781200000, 0x0000000781200000, 0x0000000781300000|  0%| F|  |TAMS 0x0000000781200000, 0x0000000781200000| Untracked 
|  19|0x0000000781300000, 0x0000000781300000, 0x0000000781400000|  0%| F|  |TAMS 0x0000000781300000, 0x0000000781300000| Untracked 
|  20|0x0000000781400000, 0x0000000781400000, 0x0000000781500000|  0%| F|  |TAMS 0x0000000781400000, 0x0000000781400000| Untracked 
|  21|0x0000000781500000, 0x0000000781500000, 0x0000000781600000|  0%| F|  |TAMS 0x0000000781500000, 0x0000000781500000| Untracked 
|  22|0x0000000781600000, 0x0000000781600000, 0x0000000781700000|  0%| F|  |TAMS 0x0000000781600000, 0x0000000781600000| Untracked 
|  23|0x0000000781700000, 0x0000000781700000, 0x0000000781800000|  0%| F|  |TAMS 0x0000000781700000, 0x0000000781700000| Untracked 
|  24|0x0000000781800000, 0x0000000781800000, 0x0000000781900000|  0%| F|  |TAMS 0x0000000781800000, 0x0000000781800000| Untracked 
|  25|0x0000000781900000, 0x0000000781900000, 0x0000000781a00000|  0%| F|  |TAMS 0x0000000781900000, 0x0000000781900000| Untracked 
|  26|0x0000000781a00000, 0x0000000781a00000, 0x0000000781b00000|  0%| F|  |TAMS 0x0000000781a00000, 0x0000000781a00000| Untracked 
|  27|0x0000000781b00000, 0x0000000781b00000, 0x0000000781c00000|  0%| F|  |TAMS 0x0000000781b00000, 0x0000000781b00000| Untracked 
|  28|0x0000000781c00000, 0x0000000781c00000, 0x0000000781d00000|  0%| F|  |TAMS 0x0000000781c00000, 0x0000000781c00000| Untracked 
|  29|0x0000000781d00000, 0x0000000781d00000, 0x0000000781e00000|  0%| F|  |TAMS 0x0000000781d00000, 0x0000000781d00000| Untracked 
|  30|0x0000000781e00000, 0x0000000781e00000, 0x0000000781f00000|  0%| F|  |TAMS 0x0000000781e00000, 0x0000000781e00000| Untracked 
|  31|0x0000000781f00000, 0x0000000781f00000, 0x0000000782000000|  0%| F|  |TAMS 0x0000000781f00000, 0x0000000781f00000| Untracked 
|  32|0x0000000782000000, 0x0000000782000000, 0x0000000782100000|  0%| F|  |TAMS 0x0000000782000000, 0x0000000782000000| Untracked 
|  33|0x0000000782100000, 0x0000000782100000, 0x0000000782200000|  0%| F|  |TAMS 0x0000000782100000, 0x0000000782100000| Untracked 
|  34|0x0000000782200000, 0x0000000782200000, 0x0000000782300000|  0%| F|  |TAMS 0x0000000782200000, 0x0000000782200000| Untracked 
|  35|0x0000000782300000, 0x0000000782300000, 0x0000000782400000|  0%| F|  |TAMS 0x0000000782300000, 0x0000000782300000| Untracked 
|  36|0x0000000782400000, 0x0000000782400000, 0x0000000782500000|  0%| F|  |TAMS 0x0000000782400000, 0x0000000782400000| Untracked 
|  37|0x0000000782500000, 0x0000000782500000, 0x0000000782600000|  0%| F|  |TAMS 0x0000000782500000, 0x0000000782500000| Untracked 
|  38|0x0000000782600000, 0x0000000782600000, 0x0000000782700000|  0%| F|  |TAMS 0x0000000782600000, 0x0000000782600000| Untracked 
|  39|0x0000000782700000, 0x0000000782700000, 0x0000000782800000|  0%| F|  |TAMS 0x0000000782700000, 0x0000000782700000| Untracked 
|  40|0x0000000782800000, 0x0000000782800000, 0x0000000782900000|  0%| F|  |TAMS 0x0000000782800000, 0x0000000782800000| Untracked 
|  41|0x0000000782900000, 0x0000000782900000, 0x0000000782a00000|  0%| F|  |TAMS 0x0000000782900000, 0x0000000782900000| Untracked 
|  42|0x0000000782a00000, 0x0000000782a00000, 0x0000000782b00000|  0%| F|  |TAMS 0x0000000782a00000, 0x0000000782a00000| Untracked 
|  43|0x0000000782b00000, 0x0000000782b00000, 0x0000000782c00000|  0%| F|  |TAMS 0x0000000782b00000, 0x0000000782b00000| Untracked 
|  44|0x0000000782c00000, 0x0000000782c00000, 0x0000000782d00000|  0%| F|  |TAMS 0x0000000782c00000, 0x0000000782c00000| Untracked 
|  45|0x0000000782d00000, 0x0000000782d00000, 0x0000000782e00000|  0%| F|  |TAMS 0x0000000782d00000, 0x0000000782d00000| Untracked 
|  46|0x0000000782e00000, 0x0000000782e00000, 0x0000000782f00000|  0%| F|  |TAMS 0x0000000782e00000, 0x0000000782e00000| Untracked 
|  47|0x0000000782f00000, 0x0000000782f00000, 0x0000000783000000|  0%| F|  |TAMS 0x0000000782f00000, 0x0000000782f00000| Untracked 
|  48|0x0000000783000000, 0x0000000783000000, 0x0000000783100000|  0%| F|  |TAMS 0x0000000783000000, 0x0000000783000000| Untracked 
|  49|0x0000000783100000, 0x0000000783100000, 0x0000000783200000|  0%| F|  |TAMS 0x0000000783100000, 0x0000000783100000| Untracked 
|  50|0x0000000783200000, 0x0000000783200000, 0x0000000783300000|  0%| F|  |TAMS 0x0000000783200000, 0x0000000783200000| Untracked 
|  51|0x0000000783300000, 0x0000000783300000, 0x0000000783400000|  0%| F|  |TAMS 0x0000000783300000, 0x0000000783300000| Untracked 
|  52|0x0000000783400000, 0x0000000783400000, 0x0000000783500000|  0%| F|  |TAMS 0x0000000783400000, 0x0000000783400000| Untracked 
|  53|0x0000000783500000, 0x0000000783500000, 0x0000000783600000|  0%| F|  |TAMS 0x0000000783500000, 0x0000000783500000| Untracked 
|  54|0x0000000783600000, 0x0000000783600000, 0x0000000783700000|  0%| F|  |TAMS 0x0000000783600000, 0x0000000783600000| Untracked 
|  55|0x0000000783700000, 0x0000000783700000, 0x0000000783800000|  0%| F|  |TAMS 0x0000000783700000, 0x0000000783700000| Untracked 
|  56|0x0000000783800000, 0x0000000783800000, 0x0000000783900000|  0%| F|  |TAMS 0x0000000783800000, 0x0000000783800000| Untracked 
|  57|0x0000000783900000, 0x0000000783900000, 0x0000000783a00000|  0%| F|  |TAMS 0x0000000783900000, 0x0000000783900000| Untracked 
|  58|0x0000000783a00000, 0x0000000783a00000, 0x0000000783b00000|  0%| F|  |TAMS 0x0000000783a00000, 0x0000000783a00000| Untracked 
|  59|0x0000000783b00000, 0x0000000783b00000, 0x0000000783c00000|  0%| F|  |TAMS 0x0000000783b00000, 0x0000000783b00000| Untracked 
|  60|0x0000000783c00000, 0x0000000783c00000, 0x0000000783d00000|  0%| F|  |TAMS 0x0000000783c00000, 0x0000000783c00000| Untracked 
|  61|0x0000000783d00000, 0x0000000783d00000, 0x0000000783e00000|  0%| F|  |TAMS 0x0000000783d00000, 0x0000000783d00000| Untracked 
|  62|0x0000000783e00000, 0x0000000783e00000, 0x0000000783f00000|  0%| F|  |TAMS 0x0000000783e00000, 0x0000000783e00000| Untracked 
|  63|0x0000000783f00000, 0x0000000783f00000, 0x0000000784000000|  0%| F|  |TAMS 0x0000000783f00000, 0x0000000783f00000| Untracked 
|  64|0x0000000784000000, 0x0000000784000000, 0x0000000784100000|  0%| F|  |TAMS 0x0000000784000000, 0x0000000784000000| Untracked 
|  65|0x0000000784100000, 0x0000000784100000, 0x0000000784200000|  0%| F|  |TAMS 0x0000000784100000, 0x0000000784100000| Untracked 
|  66|0x0000000784200000, 0x0000000784200000, 0x0000000784300000|  0%| F|  |TAMS 0x0000000784200000, 0x0000000784200000| Untracked 
|  67|0x0000000784300000, 0x0000000784300000, 0x0000000784400000|  0%| F|  |TAMS 0x0000000784300000, 0x0000000784300000| Untracked 
|  68|0x0000000784400000, 0x0000000784400000, 0x0000000784500000|  0%| F|  |TAMS 0x0000000784400000, 0x0000000784400000| Untracked 
|  69|0x0000000784500000, 0x0000000784500000, 0x0000000784600000|  0%| F|  |TAMS 0x0000000784500000, 0x0000000784500000| Untracked 
|  70|0x0000000784600000, 0x0000000784600000, 0x0000000784700000|  0%| F|  |TAMS 0x0000000784600000, 0x0000000784600000| Untracked 
|  71|0x0000000784700000, 0x0000000784700000, 0x0000000784800000|  0%| F|  |TAMS 0x0000000784700000, 0x0000000784700000| Untracked 
|  72|0x0000000784800000, 0x0000000784800000, 0x0000000784900000|  0%| F|  |TAMS 0x0000000784800000, 0x0000000784800000| Untracked 
|  73|0x0000000784900000, 0x0000000784900000, 0x0000000784a00000|  0%| F|  |TAMS 0x0000000784900000, 0x0000000784900000| Untracked 
|  74|0x0000000784a00000, 0x0000000784a00000, 0x0000000784b00000|  0%| F|  |TAMS 0x0000000784a00000, 0x0000000784a00000| Untracked 
|  75|0x0000000784b00000, 0x0000000784b00000, 0x0000000784c00000|  0%| F|  |TAMS 0x0000000784b00000, 0x0000000784b00000| Untracked 
|  76|0x0000000784c00000, 0x0000000784c00000, 0x0000000784d00000|  0%| F|  |TAMS 0x0000000784c00000, 0x0000000784c00000| Untracked 
|  77|0x0000000784d00000, 0x0000000784d00000, 0x0000000784e00000|  0%| F|  |TAMS 0x0000000784d00000, 0x0000000784d00000| Untracked 
|  78|0x0000000784e00000, 0x0000000784e00000, 0x0000000784f00000|  0%| F|  |TAMS 0x0000000784e00000, 0x0000000784e00000| Untracked 
|  79|0x0000000784f00000, 0x0000000784f00000, 0x0000000785000000|  0%| F|  |TAMS 0x0000000784f00000, 0x0000000784f00000| Untracked 
|  80|0x0000000785000000, 0x0000000785000000, 0x0000000785100000|  0%| F|  |TAMS 0x0000000785000000, 0x0000000785000000| Untracked 
|  81|0x0000000785100000, 0x0000000785100000, 0x0000000785200000|  0%| F|  |TAMS 0x0000000785100000, 0x0000000785100000| Untracked 
|  82|0x0000000785200000, 0x0000000785200000, 0x0000000785300000|  0%| F|  |TAMS 0x0000000785200000, 0x0000000785200000| Untracked 
|  83|0x0000000785300000, 0x0000000785300000, 0x0000000785400000|  0%| F|  |TAMS 0x0000000785300000, 0x0000000785300000| Untracked 
|  84|0x0000000785400000, 0x0000000785400000, 0x0000000785500000|  0%| F|  |TAMS 0x0000000785400000, 0x0000000785400000| Untracked 
|  85|0x0000000785500000, 0x0000000785500000, 0x0000000785600000|  0%| F|  |TAMS 0x0000000785500000, 0x0000000785500000| Untracked 
|  86|0x0000000785600000, 0x0000000785600000, 0x0000000785700000|  0%| F|  |TAMS 0x0000000785600000, 0x0000000785600000| Untracked 
|  87|0x0000000785700000, 0x0000000785700000, 0x0000000785800000|  0%| F|  |TAMS 0x0000000785700000, 0x0000000785700000| Untracked 
|  88|0x0000000785800000, 0x0000000785800000, 0x0000000785900000|  0%| F|  |TAMS 0x0000000785800000, 0x0000000785800000| Untracked 
|  89|0x0000000785900000, 0x0000000785900000, 0x0000000785a00000|  0%| F|  |TAMS 0x0000000785900000, 0x0000000785900000| Untracked 
|  90|0x0000000785a00000, 0x0000000785a00000, 0x0000000785b00000|  0%| F|  |TAMS 0x0000000785a00000, 0x0000000785a00000| Untracked 
|  91|0x0000000785b00000, 0x0000000785b00000, 0x0000000785c00000|  0%| F|  |TAMS 0x0000000785b00000, 0x0000000785b00000| Untracked 
|  92|0x0000000785c00000, 0x0000000785c00000, 0x0000000785d00000|  0%| F|  |TAMS 0x0000000785c00000, 0x0000000785c00000| Untracked 
|  93|0x0000000785d00000, 0x0000000785d00000, 0x0000000785e00000|  0%| F|  |TAMS 0x0000000785d00000, 0x0000000785d00000| Untracked 
|  94|0x0000000785e00000, 0x0000000785e00000, 0x0000000785f00000|  0%| F|  |TAMS 0x0000000785e00000, 0x0000000785e00000| Untracked 
|  95|0x0000000785f00000, 0x0000000785f00000, 0x0000000786000000|  0%| F|  |TAMS 0x0000000785f00000, 0x0000000785f00000| Untracked 
|  96|0x0000000786000000, 0x0000000786000000, 0x0000000786100000|  0%| F|  |TAMS 0x0000000786000000, 0x0000000786000000| Untracked 
|  97|0x0000000786100000, 0x0000000786100000, 0x0000000786200000|  0%| F|  |TAMS 0x0000000786100000, 0x0000000786100000| Untracked 
|  98|0x0000000786200000, 0x0000000786200000, 0x0000000786300000|  0%| F|  |TAMS 0x0000000786200000, 0x0000000786200000| Untracked 
|  99|0x0000000786300000, 0x0000000786300000, 0x0000000786400000|  0%| F|  |TAMS 0x0000000786300000, 0x0000000786300000| Untracked 
| 100|0x0000000786400000, 0x0000000786400000, 0x0000000786500000|  0%| F|  |TAMS 0x0000000786400000, 0x0000000786400000| Untracked 
| 101|0x0000000786500000, 0x0000000786500000, 0x0000000786600000|  0%| F|  |TAMS 0x0000000786500000, 0x0000000786500000| Untracked 
| 102|0x0000000786600000, 0x0000000786600000, 0x0000000786700000|  0%| F|  |TAMS 0x0000000786600000, 0x0000000786600000| Untracked 
| 103|0x0000000786700000, 0x0000000786700000, 0x0000000786800000|  0%| F|  |TAMS 0x0000000786700000, 0x0000000786700000| Untracked 
| 104|0x0000000786800000, 0x0000000786800000, 0x0000000786900000|  0%| F|  |TAMS 0x0000000786800000, 0x0000000786800000| Untracked 
| 105|0x0000000786900000, 0x0000000786900000, 0x0000000786a00000|  0%| F|  |TAMS 0x0000000786900000, 0x0000000786900000| Untracked 
| 106|0x0000000786a00000, 0x0000000786a00000, 0x0000000786b00000|  0%| F|  |TAMS 0x0000000786a00000, 0x0000000786a00000| Untracked 
| 107|0x0000000786b00000, 0x0000000786b00000, 0x0000000786c00000|  0%| F|  |TAMS 0x0000000786b00000, 0x0000000786b00000| Untracked 
| 108|0x0000000786c00000, 0x0000000786c00000, 0x0000000786d00000|  0%| F|  |TAMS 0x0000000786c00000, 0x0000000786c00000| Untracked 
| 109|0x0000000786d00000, 0x0000000786d00000, 0x0000000786e00000|  0%| F|  |TAMS 0x0000000786d00000, 0x0000000786d00000| Untracked 
| 110|0x0000000786e00000, 0x0000000786e00000, 0x0000000786f00000|  0%| F|  |TAMS 0x0000000786e00000, 0x0000000786e00000| Untracked 
| 111|0x0000000786f00000, 0x0000000786f00000, 0x0000000787000000|  0%| F|  |TAMS 0x0000000786f00000, 0x0000000786f00000| Untracked 
| 112|0x0000000787000000, 0x0000000787000000, 0x0000000787100000|  0%| F|  |TAMS 0x0000000787000000, 0x0000000787000000| Untracked 
| 113|0x0000000787100000, 0x0000000787100000, 0x0000000787200000|  0%| F|  |TAMS 0x0000000787100000, 0x0000000787100000| Untracked 
| 114|0x0000000787200000, 0x0000000787200000, 0x0000000787300000|  0%| F|  |TAMS 0x0000000787200000, 0x0000000787200000| Untracked 
| 115|0x0000000787300000, 0x0000000787300000, 0x0000000787400000|  0%| F|  |TAMS 0x0000000787300000, 0x0000000787300000| Untracked 
| 116|0x0000000787400000, 0x0000000787400000, 0x0000000787500000|  0%| F|  |TAMS 0x0000000787400000, 0x0000000787400000| Untracked 
| 117|0x0000000787500000, 0x0000000787500000, 0x0000000787600000|  0%| F|  |TAMS 0x0000000787500000, 0x0000000787500000| Untracked 
| 118|0x0000000787600000, 0x0000000787600000, 0x0000000787700000|  0%| F|  |TAMS 0x0000000787600000, 0x0000000787600000| Untracked 
| 119|0x0000000787700000, 0x0000000787700000, 0x0000000787800000|  0%| F|  |TAMS 0x0000000787700000, 0x0000000787700000| Untracked 
| 120|0x0000000787800000, 0x0000000787800000, 0x0000000787900000|  0%| F|  |TAMS 0x0000000787800000, 0x0000000787800000| Untracked 
| 121|0x0000000787900000, 0x0000000787900000, 0x0000000787a00000|  0%| F|  |TAMS 0x0000000787900000, 0x0000000787900000| Untracked 
| 122|0x0000000787a00000, 0x0000000787a00000, 0x0000000787b00000|  0%| F|  |TAMS 0x0000000787a00000, 0x0000000787a00000| Untracked 
| 123|0x0000000787b00000, 0x0000000787b00000, 0x0000000787c00000|  0%| F|  |TAMS 0x0000000787b00000, 0x0000000787b00000| Untracked 
| 124|0x0000000787c00000, 0x0000000787c00000, 0x0000000787d00000|  0%| F|  |TAMS 0x0000000787c00000, 0x0000000787c00000| Untracked 
| 125|0x0000000787d00000, 0x0000000787d76638, 0x0000000787e00000| 46%| E|  |TAMS 0x0000000787d00000, 0x0000000787d00000| Complete 
| 126|0x0000000787e00000, 0x0000000787f00000, 0x0000000787f00000|100%| E|CS|TAMS 0x0000000787e00000, 0x0000000787e00000| Complete 
| 127|0x0000000787f00000, 0x0000000788000000, 0x0000000788000000|100%| E|CS|TAMS 0x0000000787f00000, 0x0000000787f00000| Complete 
|1022|0x00000007bfe00000, 0x00000007bfe51000, 0x00000007bff00000| 31%|OA|  |TAMS 0x00000007bfe00000, 0x00000007bfe00000| Untracked 
|1023|0x00000007bff00000, 0x00000007bff79000, 0x00000007c0000000| 47%|CA|  |TAMS 0x00000007bff00000, 0x00000007bff00000| Untracked 

Card table byte_map: [0x000000011ccbe000,0x000000011d0be000] _byte_map_base: 0x00000001190be000

Marking Bits (Prev, Next): (CMBitMap*) 0x00007f99f3008210, (CMBitMap*) 0x00007f99f3008250
 Prev Bits: [0x000000012d76e000, 0x000000012f76e000)
 Next Bits: [0x000000012f76e000, 0x000000013176e000)

Polling page: 0x000000010f45c000

Metaspace:

Usage:
  Non-class:      4.39 MB capacity,   572.80 KB ( 13%) used,     3.83 MB ( 87%) free+waste,   768 bytes ( <1%) overhead. 
      Class:    428.00 KB capacity,    44.37 KB ( 10%) used,   383.13 KB ( 90%) free+waste,   512 bytes ( <1%) overhead. 
       Both:      4.81 MB capacity,   617.17 KB ( 13%) used,     4.21 MB ( 87%) free+waste,     1.25 KB ( <1%) overhead. 

Virtual space:
  Non-class space:        8.00 MB reserved,       4.50 MB ( 56%) committed 
      Class space:        1.00 GB reserved,     512.00 KB ( <1%) committed 
             Both:        1.01 GB reserved,       5.00 MB ( <1%) committed 

Chunk freelists:
   Non-Class:  44.00 KB
       Class:  4.00 KB
        Both:  48.00 KB

MaxMetaspaceSize: 17179869184.00 GB
CompressedClassSpaceSize: 1.00 GB

CodeHeap 'non-profiled nmethods': size=120028Kb used=27Kb max_used=27Kb free=120000Kb
 bounds [0x0000000126237000, 0x00000001264a7000, 0x000000012d76e000]
CodeHeap 'profiled nmethods': size=120028Kb used=192Kb max_used=192Kb free=119835Kb
 bounds [0x000000011ed00000, 0x000000011ef70000, 0x0000000126237000]
CodeHeap 'non-nmethods': size=5704Kb used=1066Kb max_used=1080Kb free=4637Kb
 bounds [0x000000011e76e000, 0x000000011e9de000, 0x000000011ed00000]
 total_blobs=435 nmethods=138 adapters=211
 compilation: enabled
              stopped_count=0, restarted_count=0
 full_count=0

Compilation events (20 events):
Event: 0.187 Thread 0x00007f99f30a2200  128       3       java.lang.AbstractStringBuilder::newCapacity (59 bytes)
Event: 0.188 Thread 0x00007f99f30a2200 nmethod 128 0x000000011ed2b210 code [0x000000011ed2b400, 0x000000011ed2b950]
Event: 0.188 Thread 0x00007f99f30a2200  129       3       java.util.ArrayList::get (15 bytes)
Event: 0.189 Thread 0x00007f99f30a2200 nmethod 129 0x000000011ed2bb90 code [0x000000011ed2bd60, 0x000000011ed2c080]
Event: 0.189 Thread 0x00007f99f30a2200  130       3       java.util.Objects::checkIndex (7 bytes)
Event: 0.189 Thread 0x00007f99f30a2200 nmethod 130 0x000000011ed2c210 code [0x000000011ed2c3c0, 0x000000011ed2c5c0]
Event: 0.189 Thread 0x00007f99f30a2200  131       3       jdk.internal.util.Preconditions::checkIndex (18 bytes)
Event: 0.189 Thread 0x00007f99f30a2200 nmethod 131 0x000000011ed2c710 code [0x000000011ed2c8a0, 0x000000011ed2ca40]
Event: 0.189 Thread 0x00007f99f30a2200  132       3       java.util.ArrayList::elementData (7 bytes)
Event: 0.189 Thread 0x00007f99f30a2200 nmethod 132 0x000000011ed2cb10 code [0x000000011ed2cca0, 0x000000011ed2cdd0]
Event: 0.189 Thread 0x00007f99f30a2200  133   !   3       java.util.zip.ZipFile::getEntry (59 bytes)
Event: 0.190 Thread 0x00007f99f30a2200 nmethod 133 0x000000011ed2ce90 code [0x000000011ed2d080, 0x000000011ed2d4f0]
Event: 0.190 Thread 0x00007f99f30a2200  137   !   3       java.util.jar.JarFile::isMultiRelease (33 bytes)
Event: 0.190 Thread 0x00007f99f30a2200 nmethod 137 0x000000011ed2d790 code [0x000000011ed2d940, 0x000000011ed2db20]
Event: 0.190 Thread 0x00007f99f30a2200  134       3       jdk.internal.misc.Unsafe::putReferenceRelease (9 bytes)
Event: 0.190 Thread 0x00007f99f30a2200 nmethod 134 0x000000011ed2dc10 code [0x000000011ed2dda0, 0x000000011ed2def0]
Event: 0.190 Thread 0x00007f99f30a2200  136       3       java.util.concurrent.ConcurrentHashMap::setTabAt (20 bytes)
Event: 0.190 Thread 0x00007f99f30a2200 nmethod 136 0x000000011ed2df90 code [0x000000011ed2e120, 0x000000011ed2e340]
Event: 0.192 Thread 0x00007f99f30a2200  138  s!   3       jdk.internal.loader.URLClassPath::getLoader (194 bytes)
Event: 0.193 Thread 0x00007f99f30a2200 nmethod 138 0x000000011ed2e410 code [0x000000011ed2e700, 0x000000011ed2fac0]

GC Heap History (0 events):
No events

Deoptimization events (0 events):
No events

Classes unloaded (0 events):
No events

Classes redefined (0 events):
No events

Internal exceptions (0 events):
No events

Events (20 events):
Event: 0.156 loading class jdk/internal/module/ModulePatcher$PatchedModuleReader done
Event: 0.159 Loaded shared library /Library/Java/JavaVirtualMachines/jdk-15.0.1.jdk/Contents/Home/lib/libjimage.dylib
Event: 0.161 loading class sun/net/www/protocol/jrt/Handler
Event: 0.161 loading class sun/net/www/protocol/jrt/Handler done
Event: 0.163 loading class java/io/UnsupportedEncodingException
Event: 0.163 loading class java/io/IOException
Event: 0.164 loading class java/io/IOException done
Event: 0.164 loading class java/io/UnsupportedEncodingException done
Event: 0.165 loading class java/lang/IllegalStateException
Event: 0.165 loading class java/lang/IllegalStateException done
Event: 0.166 loading class java/beans/PropertyChangeListener
Event: 0.166 loading class java/util/EventListener
Event: 0.167 loading class java/util/EventListener done
Event: 0.167 loading class java/beans/PropertyChangeListener done
Event: 0.168 loading class java/security/cert/X509Certificate
Event: 0.168 loading class java/security/cert/X509Extension
Event: 0.168 loading class java/security/cert/X509Extension done
Event: 0.168 loading class java/security/cert/X509Certificate done
Event: 0.193 loading class java/lang/Class$EnclosingMethodInfo
Event: 0.194 loading class java/lang/Class$EnclosingMethodInfo done


Dynamic libraries:
0x00007fff2a46e000 	/usr/lib/libz.1.dylib
0x000000010f422000 	/Library/Java/JavaVirtualMachines/jdk-15.0.1.jdk/Contents/Home/lib/libjli.dylib
0x00007fff34fac000 	/System/Library/Frameworks/Cocoa.framework/Versions/A/Cocoa
0x00007fff221e9000 	/System/Library/Frameworks/Security.framework/Versions/A/Security
0x00007fff331ab000 	/System/Library/Frameworks/ApplicationServices.framework/Versions/A/ApplicationServices
0x00007fff2a536000 	/usr/lib/libSystem.B.dylib
0x00007fff2a530000 	/usr/lib/system/libcache.dylib
0x00007fff2a4ec000 	/usr/lib/system/libcommonCrypto.dylib
0x00007fff2a516000 	/usr/lib/system/libcompiler_rt.dylib
0x00007fff2a50b000 	/usr/lib/system/libcopyfile.dylib
0x00007fff200c0000 	/usr/lib/system/libcorecrypto.dylib
0x00007fff2018c000 	/usr/lib/system/libdispatch.dylib
0x00007fff20340000 	/usr/lib/system/libdyld.dylib
0x00007fff2a527000 	/usr/lib/system/libkeymgr.dylib
0x00007fff2d969000 	/usr/lib/system/liblaunch.dylib
0x00007fff2a4ca000 	/usr/lib/system/libmacho.dylib
0x00007fff29ce5000 	/usr/lib/system/libquarantine.dylib
0x00007fff2a524000 	/usr/lib/system/libremovefile.dylib
0x00007fff24b7e000 	/usr/lib/system/libsystem_asl.dylib
0x00007fff20070000 	/usr/lib/system/libsystem_blocks.dylib
0x00007fff2020d000 	/usr/lib/system/libsystem_c.dylib
0x00007fff2a51e000 	/usr/lib/system/libsystem_collections.dylib
0x00007fff28fda000 	/usr/lib/system/libsystem_configuration.dylib
0x00007fff282ce000 	/usr/lib/system/libsystem_containermanager.dylib
0x00007fff2a266000 	/usr/lib/system/libsystem_coreservices.dylib
0x00007fff2279d000 	/usr/lib/system/libsystem_darwin.dylib
0x00007fff2a528000 	/usr/lib/system/libsystem_dnssd.dylib
0x00007fff2020a000 	/usr/lib/system/libsystem_featureflags.dylib
0x00007fff20385000 	/usr/lib/system/libsystem_info.dylib
0x00007fff2a481000 	/usr/lib/system/libsystem_m.dylib
0x00007fff2015f000 	/usr/lib/system/libsystem_malloc.dylib
0x00007fff24b12000 	/usr/lib/system/libsystem_networkextension.dylib
0x00007fff22bb7000 	/usr/lib/system/libsystem_notify.dylib
0x00007fff2fe16000 	/usr/lib/system/libsystem_product_info_filter.dylib
0x00007fff28fde000 	/usr/lib/system/libsystem_sandbox.dylib
0x00007fff2a521000 	/usr/lib/system/libsystem_secinit.dylib
0x00007fff20305000 	/usr/lib/system/libsystem_kernel.dylib
0x00007fff2037b000 	/usr/lib/system/libsystem_platform.dylib
0x00007fff20334000 	/usr/lib/system/libsystem_pthread.dylib
0x00007fff2627c000 	/usr/lib/system/libsystem_symptoms.dylib
0x00007fff200a8000 	/usr/lib/system/libsystem_trace.dylib
0x00007fff2a4f8000 	/usr/lib/system/libunwind.dylib
0x00007fff20072000 	/usr/lib/system/libxpc.dylib
0x00007fff202ec000 	/usr/lib/libc++abi.dylib
0x00007fff201d1000 	/usr/lib/libobjc.A.dylib
0x00007fff2a503000 	/usr/lib/liboah.dylib
0x00007fff20296000 	/usr/lib/libc++.1.dylib
0x00007fff203b1000 	/System/Library/Frameworks/CoreFoundation.framework/Versions/A/CoreFoundation
0x00007fff2115e000 	/System/Library/Frameworks/Foundation.framework/Versions/C/Foundation
0x00007fff22c0f000 	/System/Library/Frameworks/AppKit.framework/Versions/C/AppKit
0x00007fff25aa5000 	/System/Library/Frameworks/CoreData.framework/Versions/A/CoreData
0x00007fff23972000 	/System/Library/PrivateFrameworks/UIFoundation.framework/Versions/A/UIFoundation
0x00007fff2fb8f000 	/System/Library/PrivateFrameworks/RemoteViewServices.framework/Versions/A/RemoteViewServices
0x00007fff28998000 	/System/Library/PrivateFrameworks/XCTTargetBootstrap.framework/Versions/A/XCTTargetBootstrap
0x00007fff2b675000 	/usr/lib/libspindump.dylib
0x00007fff23bc6000 	/System/Library/Frameworks/UniformTypeIdentifiers.framework/Versions/A/UniformTypeIdentifiers
0x00007fff2716f000 	/usr/lib/libapp_launch_measurement.dylib
0x00007fff27172000 	/System/Library/PrivateFrameworks/CoreAutoLayout.framework/Versions/A/CoreAutoLayout
0x00007fff282fa000 	/System/Library/Frameworks/Metal.framework/Versions/A/Metal
0x00007fff28fe9000 	/usr/lib/liblangid.dylib
0x00007fff2899c000 	/System/Library/PrivateFrameworks/CoreSVG.framework/Versions/A/CoreSVG
0x00007fff24bad000 	/System/Library/PrivateFrameworks/SkyLight.framework/Versions/A/SkyLight
0x00007fff24f13000 	/System/Library/Frameworks/CoreGraphics.framework/Versions/A/CoreGraphics
0x00007fff301e6000 	/System/Library/Frameworks/Accelerate.framework/Versions/A/Accelerate
0x00007fff2b0b0000 	/System/Library/PrivateFrameworks/IconServices.framework/Versions/A/IconServices
0x00007fff282df000 	/System/Library/Frameworks/IOSurface.framework/Versions/A/IOSurface
0x00007fff2642e000 	/usr/lib/libDiagnosticMessagesClient.dylib
0x00007fff28984000 	/System/Library/PrivateFrameworks/DFRFoundation.framework/Versions/A/DFRFoundation
0x00007fff2253b000 	/usr/lib/libicucore.A.dylib
0x00007fff2cbb7000 	/System/Library/Frameworks/AudioToolbox.framework/Versions/A/AudioToolbox
0x00007fff2be5d000 	/System/Library/PrivateFrameworks/DataDetectorsCore.framework/Versions/A/DataDetectorsCore
0x00007fff28684000 	/System/Library/Frameworks/Carbon.framework/Versions/A/Frameworks/HIToolbox.framework/Versions/A/HIToolbox
0x00007fff26bc7000 	/System/Library/Frameworks/QuartzCore.framework/Versions/A/QuartzCore
0x00007fff2fbcb000 	/System/Library/Frameworks/Carbon.framework/Versions/A/Frameworks/SpeechRecognition.framework/Versions/A/SpeechRecognition
0x00007fff26ed7000 	/System/Library/PrivateFrameworks/CoreUI.framework/Versions/A/CoreUI
0x00007fff21b45000 	/System/Library/Frameworks/CoreAudio.framework/Versions/A/CoreAudio
0x00007fff26519000 	/System/Library/Frameworks/DiskArbitration.framework/Versions/A/DiskArbitration
0x00007fff2ba70000 	/System/Library/PrivateFrameworks/MultitouchSupport.framework/Versions/A/MultitouchSupport
0x00007fff2be54000 	/System/Library/PrivateFrameworks/InternationalSupport.framework/Versions/A/InternationalSupport
0x00007fff24b21000 	/usr/lib/libenergytrace.dylib
0x00007fff22b09000 	/System/Library/Frameworks/IOKit.framework/Versions/A/IOKit
0x00007fff2ff18000 	/System/Library/Frameworks/CoreServices.framework/Versions/A/CoreServices
0x00007fff27105000 	/System/Library/PrivateFrameworks/PerformanceAnalysis.framework/Versions/A/PerformanceAnalysis
0x00007fff6c815000 	/System/Library/Frameworks/OpenGL.framework/Versions/A/OpenGL
0x00007fff2bed9000 	/System/Library/PrivateFrameworks/UserActivity.framework/Versions/A/UserActivity
0x00007fff255a7000 	/System/Library/Frameworks/ColorSync.framework/Versions/A/ColorSync
0x00007fff28c00000 	/System/Library/Frameworks/CoreImage.framework/Versions/A/CoreImage
0x00007fff2195c000 	/System/Library/Frameworks/CoreText.framework/Versions/A/CoreText
0x00007fff289c6000 	/System/Library/Frameworks/ImageIO.framework/Versions/A/ImageIO
0x00007fff2a53c000 	/System/Library/PrivateFrameworks/SoftLinking.framework/Versions/A/SoftLinking
0x00007fff271bb000 	/usr/lib/libxml2.2.dylib
0x00007fff2a7ae000 	/usr/lib/libcompression.dylib
0x00007fff24b22000 	/usr/lib/libMobileGestalt.dylib
0x00007fff2bd87000 	/System/Library/PrivateFrameworks/TextureIO.framework/Versions/A/TextureIO
0x00007fff2add3000 	/usr/lib/libate.dylib
0x00007fff2abb9000 	/usr/lib/liblzma.5.dylib
0x00007fff20e72000 	/System/Library/Frameworks/SystemConfiguration.framework/Versions/A/SystemConfiguration
0x00007fff2a538000 	/usr/lib/libfakelink.dylib
0x00007fff24674000 	/System/Library/Frameworks/CFNetwork.framework/Versions/A/CFNetwork
0x00007fff2a678000 	/usr/lib/libarchive.2.dylib
0x00007fff20ef0000 	/usr/lib/libCRFSuite.dylib
0x00007fff29d0c000 	/usr/lib/libbsm.0.dylib
0x00007fff24030000 	/usr/lib/libnetwork.dylib
0x00007fff2a53d000 	/usr/lib/libpcap.A.dylib
0x00007fff26275000 	/usr/lib/libdns_services.dylib
0x00007fff2abd2000 	/usr/lib/libcoretls_cfhelpers.dylib
0x00007fff2a77c000 	/usr/lib/libapple_nghttp2.dylib
0x00007fff2a4d0000 	/usr/lib/system/libkxld.dylib
0x00007fff25edb000 	/usr/lib/libsqlite3.dylib
0x00007fff2a248000 	/System/Library/PrivateFrameworks/AppleFSCompression.framework/Versions/A/AppleFSCompression
0x00007fff29cf4000 	/usr/lib/libcoretls.dylib
0x00007fff2a7a9000 	/usr/lib/libpam.2.dylib
0x00007fff2acce000 	/usr/lib/libxar.1.dylib
0x00007fff28fe5000 	/System/Library/PrivateFrameworks/AppleSystemInfo.framework/Versions/A/AppleSystemInfo
0x00007fff29937000 	/System/Library/PrivateFrameworks/IOMobileFramebuffer.framework/Versions/A/IOMobileFramebuffer
0x00007fff2a258000 	/usr/lib/libbz2.1.0.dylib
0x00007fff2a575000 	/usr/lib/libiconv.2.dylib
0x00007fff2a4c9000 	/usr/lib/libcharset.1.dylib
0x00007fff27141000 	/System/Library/Frameworks/CoreServices.framework/Versions/A/Frameworks/FSEvents.framework/Versions/A/FSEvents
0x00007fff227a7000 	/System/Library/Frameworks/CoreServices.framework/Versions/A/Frameworks/CarbonCore.framework/Versions/A/CarbonCore
0x00007fff2647e000 	/System/Library/Frameworks/CoreServices.framework/Versions/A/Frameworks/Metadata.framework/Versions/A/Metadata
0x00007fff2a26b000 	/System/Library/Frameworks/CoreServices.framework/Versions/A/Frameworks/OSServices.framework/Versions/A/OSServices
0x00007fff2a6ea000 	/System/Library/Frameworks/CoreServices.framework/Versions/A/Frameworks/SearchKit.framework/Versions/A/SearchKit
0x00007fff261ff000 	/System/Library/Frameworks/CoreServices.framework/Versions/A/Frameworks/AE.framework/Versions/A/AE
0x00007fff2084d000 	/System/Library/Frameworks/CoreServices.framework/Versions/A/Frameworks/LaunchServices.framework/Versions/A/LaunchServices
0x00007fff2ab6a000 	/System/Library/Frameworks/CoreServices.framework/Versions/A/Frameworks/DictionaryServices.framework/Versions/A/DictionaryServices
0x00007fff2714a000 	/System/Library/Frameworks/CoreServices.framework/Versions/A/Frameworks/SharedFileList.framework/Versions/A/SharedFileList
0x00007fff29ce8000 	/usr/lib/libCheckFix.dylib
0x00007fff24b95000 	/System/Library/PrivateFrameworks/TCC.framework/Versions/A/TCC
0x00007fff28feb000 	/System/Library/PrivateFrameworks/CoreNLP.framework/Versions/A/CoreNLP
0x00007fff26431000 	/System/Library/PrivateFrameworks/MetadataUtilities.framework/Versions/A/MetadataUtilities
0x00007fff20f26000 	/usr/lib/libmecabra.dylib
0x00007fff29ffb000 	/System/Library/Frameworks/MLCompute.framework/Versions/A/MLCompute
0x00007fff29d1d000 	/usr/lib/libmecab.dylib
0x00007fff29d67000 	/usr/lib/libgermantok.dylib
0x00007fff2a752000 	/usr/lib/libThaiTokenizer.dylib
0x00007fff2ad09000 	/usr/lib/libChineseTokenizer.dylib
0x00007fff2a7a7000 	/System/Library/Frameworks/MetalPerformanceShaders.framework/Versions/A/MetalPerformanceShaders
0x00007fff26520000 	/System/Library/Frameworks/Accelerate.framework/Versions/A/Frameworks/vImage.framework/Versions/A/vImage
0x00007fff2fef1000 	/System/Library/Frameworks/Accelerate.framework/Versions/A/Frameworks/vecLib.framework/Versions/A/vecLib
0x00007fff2ad14000 	/System/Library/Frameworks/Accelerate.framework/Versions/A/Frameworks/vecLib.framework/Versions/A/libvMisc.dylib
0x00007fff29750000 	/System/Library/Frameworks/Accelerate.framework/Versions/A/Frameworks/vecLib.framework/Versions/A/libvDSP.dylib
0x00007fff20b51000 	/System/Library/Frameworks/Accelerate.framework/Versions/A/Frameworks/vecLib.framework/Versions/A/libBLAS.dylib
0x00007fff2a7cd000 	/System/Library/Frameworks/Accelerate.framework/Versions/A/Frameworks/vecLib.framework/Versions/A/libLAPACK.dylib
0x00007fff29d6d000 	/System/Library/Frameworks/Accelerate.framework/Versions/A/Frameworks/vecLib.framework/Versions/A/libLinearAlgebra.dylib
0x00007fff2a794000 	/System/Library/Frameworks/Accelerate.framework/Versions/A/Frameworks/vecLib.framework/Versions/A/libSparseBLAS.dylib
0x00007fff2a7c7000 	/System/Library/Frameworks/Accelerate.framework/Versions/A/Frameworks/vecLib.framework/Versions/A/libQuadrature.dylib
0x00007fff29093000 	/System/Library/Frameworks/Accelerate.framework/Versions/A/Frameworks/vecLib.framework/Versions/A/libBNNS.dylib
0x00007fff20e03000 	/System/Library/Frameworks/Accelerate.framework/Versions/A/Frameworks/vecLib.framework/Versions/A/libSparse.dylib
0x00007fff28f7e000 	/System/Library/Frameworks/MetalPerformanceShaders.framework/Versions/A/Frameworks/MPSCore.framework/Versions/A/MPSCore
0x00007fff2a1b7000 	/System/Library/Frameworks/MetalPerformanceShaders.framework/Versions/A/Frameworks/MPSImage.framework/Versions/A/MPSImage
0x00007fff29d83000 	/System/Library/Frameworks/MetalPerformanceShaders.framework/Versions/A/Frameworks/MPSNeuralNetwork.framework/Versions/A/MPSNeuralNetwork
0x00007fff2a142000 	/System/Library/Frameworks/MetalPerformanceShaders.framework/Versions/A/Frameworks/MPSMatrix.framework/Versions/A/MPSMatrix
0x00007fff29fab000 	/System/Library/Frameworks/MetalPerformanceShaders.framework/Versions/A/Frameworks/MPSRayIntersector.framework/Versions/A/MPSRayIntersector
0x00007fff2a179000 	/System/Library/Frameworks/MetalPerformanceShaders.framework/Versions/A/Frameworks/MPSNDArray.framework/Versions/A/MPSNDArray
0x00007fff20a7d000 	/System/Library/PrivateFrameworks/MetalTools.framework/Versions/A/MetalTools
0x00007fff28fe3000 	/System/Library/PrivateFrameworks/AggregateDictionary.framework/Versions/A/AggregateDictionary
0x00007fff26409000 	/System/Library/PrivateFrameworks/CoreAnalytics.framework/Versions/A/CoreAnalytics
0x00007fff2a754000 	/System/Library/PrivateFrameworks/AppleSauce.framework/Versions/A/AppleSauce
0x00007fff282f1000 	/System/Library/PrivateFrameworks/IOAccelerator.framework/Versions/A/IOAccelerator
0x00007fff6c809000 	/System/Library/Frameworks/OpenGL.framework/Versions/A/Libraries/libCoreFSCache.dylib
0x00007fff214c2000 	/System/Library/PrivateFrameworks/LanguageModeling.framework/Versions/A/LanguageModeling
0x00007fff29924000 	/System/Library/PrivateFrameworks/CoreEmoji.framework/Versions/A/CoreEmoji
0x00007fff2908c000 	/System/Library/PrivateFrameworks/LinguisticData.framework/Versions/A/LinguisticData
0x00007fff20db5000 	/System/Library/PrivateFrameworks/Lexicon.framework/Versions/A/Lexicon
0x00007fff2a666000 	/usr/lib/libcmph.dylib
0x00007fff27121000 	/System/Library/Frameworks/OpenDirectory.framework/Versions/A/Frameworks/CFOpenDirectory.framework/Versions/A/CFOpenDirectory
0x00007fff27111000 	/System/Library/Frameworks/OpenDirectory.framework/Versions/A/OpenDirectory
0x00007fff2abd4000 	/System/Library/PrivateFrameworks/APFS.framework/Versions/A/APFS
0x00007fff29c49000 	/System/Library/Frameworks/SecurityFoundation.framework/Versions/A/SecurityFoundation
0x00007fff2acdc000 	/usr/lib/libutil.dylib
0x00007fff22ace000 	/System/Library/PrivateFrameworks/CoreServicesStore.framework/Versions/A/CoreServicesStore
0x00007fff29ce0000 	/System/Library/Frameworks/ServiceManagement.framework/Versions/A/ServiceManagement
0x00007fff2ace0000 	/usr/lib/libxslt.1.dylib
0x00007fff29cd6000 	/System/Library/PrivateFrameworks/BackgroundTaskManagement.framework/Versions/A/BackgroundTaskManagement
0x00007fff2bcd1000 	/System/Library/Frameworks/ImageIO.framework/Versions/A/Resources/libRadiance.dylib
0x00007fff2bcdb000 	/System/Library/Frameworks/ImageIO.framework/Versions/A/Resources/libJPEG.dylib
0x00007fff2bc2a000 	/System/Library/Frameworks/ImageIO.framework/Versions/A/Resources/libPng.dylib
0x00007fff2bc51000 	/System/Library/Frameworks/ImageIO.framework/Versions/A/Resources/libTIFF.dylib
0x00007fff2bd30000 	/System/Library/Frameworks/ImageIO.framework/Versions/A/Resources/libGIF.dylib
0x00007fff2b98d000 	/System/Library/Frameworks/ImageIO.framework/Versions/A/Resources/libJP2.dylib
0x00007fff2b077000 	/usr/lib/libexpat.1.dylib
0x00007fff2b942000 	/System/Library/PrivateFrameworks/AppleJPEG.framework/Versions/A/AppleJPEG
0x00007fff28527000 	/System/Library/PrivateFrameworks/FontServices.framework/libFontParser.dylib
0x00007fff261b3000 	/System/Library/PrivateFrameworks/RunningBoardServices.framework/Versions/A/RunningBoardServices
0x00007fff2ba6c000 	/System/Library/PrivateFrameworks/WatchdogClient.framework/Versions/A/WatchdogClient
0x00007fff215af000 	/System/Library/Frameworks/CoreDisplay.framework/Versions/A/CoreDisplay
0x00007fff2843d000 	/System/Library/Frameworks/CoreMedia.framework/Versions/A/CoreMedia
0x00007fff2729e000 	/System/Library/Frameworks/CoreVideo.framework/Versions/A/CoreVideo
0x00007fff2baa4000 	/System/Library/Frameworks/VideoToolbox.framework/Versions/A/VideoToolbox
0x00007fff26131000 	/System/Library/PrivateFrameworks/BaseBoard.framework/Versions/A/BaseBoard
0x00007fff2b1bc000 	/System/Library/PrivateFrameworks/PersistentConnection.framework/Versions/A/PersistentConnection
0x00007fff25ec4000 	/System/Library/PrivateFrameworks/ProtocolBuffer.framework/Versions/A/ProtocolBuffer
0x00007fff26118000 	/System/Library/PrivateFrameworks/CommonUtilities.framework/Versions/A/CommonUtilities
0x00007fff2b8d7000 	/System/Library/PrivateFrameworks/Bom.framework/Versions/A/Bom
0x00007fff2bcca000 	/System/Library/PrivateFrameworks/GPUWrangler.framework/Versions/A/GPUWrangler
0x00007fff2bcaf000 	/System/Library/PrivateFrameworks/IOPresentment.framework/Versions/A/IOPresentment
0x00007fff2bcd5000 	/System/Library/PrivateFrameworks/DSExternalDisplay.framework/Versions/A/DSExternalDisplay
0x00007fff2bd35000 	/System/Library/PrivateFrameworks/CMCaptureCore.framework/Versions/A/CMCaptureCore
0x00007fff2b65c000 	/System/Library/PrivateFrameworks/AppServerSupport.framework/Versions/A/AppServerSupport
0x00007fff2d708000 	/System/Library/PrivateFrameworks/perfdata.framework/Versions/A/perfdata
0x00007fff29c38000 	/System/Library/PrivateFrameworks/AssertionServices.framework/Versions/A/AssertionServices
0x00007fff216e6000 	/System/Library/PrivateFrameworks/AudioToolboxCore.framework/Versions/A/AudioToolboxCore
0x00007fff28420000 	/System/Library/PrivateFrameworks/caulk.framework/Versions/A/caulk
0x00007fff3d395000 	/System/Library/PrivateFrameworks/SystemPolicy.framework/Versions/A/SystemPolicy
0x00007fff2ae6c000 	/usr/lib/libIOReport.dylib
0x00007fff2cf2a000 	/usr/lib/libSMC.dylib
0x00007fff2bbf7000 	/usr/lib/libAudioToolboxUtility.dylib
0x00007fff3dcff000 	/usr/lib/libmis.dylib
0x00007fff6c865000 	/System/Library/Frameworks/OpenGL.framework/Versions/A/Libraries/libGLU.dylib
0x00007fff6c828000 	/System/Library/Frameworks/OpenGL.framework/Versions/A/Libraries/libGFXShared.dylib
0x00007fff6ca37000 	/System/Library/Frameworks/OpenGL.framework/Versions/A/Libraries/libGL.dylib
0x00007fff6c831000 	/System/Library/Frameworks/OpenGL.framework/Versions/A/Libraries/libGLImage.dylib
0x00007fff6c825000 	/System/Library/Frameworks/OpenGL.framework/Versions/A/Libraries/libCVMSPluginSupport.dylib
0x00007fff6c810000 	/System/Library/Frameworks/OpenGL.framework/Versions/A/Libraries/libCoreVMClient.dylib
0x00007fff6de78000 	/System/Library/Frameworks/OpenCL.framework/Versions/A/OpenCL
0x00007fff2b1e6000 	/System/Library/PrivateFrameworks/GraphVisualizer.framework/Versions/A/GraphVisualizer
0x00007fff2b1f5000 	/System/Library/PrivateFrameworks/FaceCore.framework/Versions/A/FaceCore
0x00007fff2b611000 	/System/Library/PrivateFrameworks/OTSVG.framework/Versions/A/OTSVG
0x00007fff26e95000 	/System/Library/Frameworks/ApplicationServices.framework/Versions/A/Frameworks/ATS.framework/Versions/A/Resources/libFontRegistry.dylib
0x00007fff2b663000 	/System/Library/PrivateFrameworks/FontServices.framework/libhvf.dylib
0x00007fff2b023000 	/System/Library/PrivateFrameworks/AppleVA.framework/Versions/A/AppleVA
0x00007fff2cd73000 	/System/Library/Frameworks/ApplicationServices.framework/Versions/A/Frameworks/ATS.framework/Versions/A/ATS
0x00007fff2d085000 	/System/Library/Frameworks/ApplicationServices.framework/Versions/A/Frameworks/ColorSyncLegacy.framework/Versions/A/ColorSyncLegacy
0x00007fff2569e000 	/System/Library/Frameworks/ApplicationServices.framework/Versions/A/Frameworks/HIServices.framework/Versions/A/HIServices
0x00007fff2d06a000 	/System/Library/Frameworks/ApplicationServices.framework/Versions/A/Frameworks/LangAnalysis.framework/Versions/A/LangAnalysis
0x00007fff2bd3f000 	/System/Library/Frameworks/ApplicationServices.framework/Versions/A/Frameworks/PrintCore.framework/Versions/A/PrintCore
0x00007fff2d08d000 	/System/Library/Frameworks/ApplicationServices.framework/Versions/A/Frameworks/QD.framework/Versions/A/QD
0x00007fff2cd63000 	/System/Library/Frameworks/ApplicationServices.framework/Versions/A/Frameworks/SpeechSynthesis.framework/Versions/A/SpeechSynthesis
0x00007fff2bd00000 	/System/Library/Frameworks/ApplicationServices.framework/Versions/A/Frameworks/ATSUI.framework/Versions/A/ATSUI
0x00007fff2d00a000 	/usr/lib/libcups.2.dylib
0x00007fff2d07a000 	/System/Library/PrivateFrameworks/NetAuth.framework/Versions/A/NetAuth
0x00007fff2d724000 	/System/Library/Frameworks/Kerberos.framework/Versions/A/Kerberos
0x00007fff2d734000 	/System/Library/Frameworks/GSS.framework/Versions/A/GSS
0x00007fff2cddf000 	/usr/lib/libresolv.9.dylib
0x00007fff2b678000 	/System/Library/PrivateFrameworks/Heimdal.framework/Versions/A/Heimdal
0x00007fff334ab000 	/System/Library/Frameworks/Kerberos.framework/Versions/A/Libraries/libHeimdalProxy.dylib
0x00007fff26284000 	/System/Library/Frameworks/Network.framework/Versions/A/Network
0x00007fff2b091000 	/usr/lib/libheimdal-asn1.dylib
0x00007fff2d784000 	/System/Library/PrivateFrameworks/CommonAuth.framework/Versions/A/CommonAuth
0x00007fff272eb000 	/System/Library/PrivateFrameworks/login.framework/Versions/A/Frameworks/loginsupport.framework/Versions/A/loginsupport
0x00007fff2cce8000 	/System/Library/PrivateFrameworks/AudioSession.framework/Versions/A/AudioSession
0x00007fff2cd50000 	/usr/lib/libAudioStatistics.dylib
0x00007fff2b11e000 	/System/Library/PrivateFrameworks/MediaExperience.framework/Versions/A/MediaExperience
0x00007fff2cb85000 	/System/Library/PrivateFrameworks/AudioSession.framework/libSessionUtility.dylib
0x00007fff2d715000 	/usr/lib/libperfcheck.dylib
0x00007fff2d099000 	/System/Library/PrivateFrameworks/AudioResourceArbitration.framework/Versions/A/AudioResourceArbitration
0x00007fff2b09b000 	/System/Library/PrivateFrameworks/IconFoundation.framework/Versions/A/IconFoundation
0x00007fff2fbbb000 	/System/Library/PrivateFrameworks/SpeechRecognitionCore.framework/Versions/A/SpeechRecognitionCore
0x00007fff58fac000 	/System/Library/CoreServices/Encodings/libJapaneseConverter.dylib
0x0000000113800000 	/Library/Java/JavaVirtualMachines/jdk-15.0.1.jdk/Contents/Home/lib/server/libjvm.dylib
0x000000010f450000 	/Library/Java/JavaVirtualMachines/jdk-15.0.1.jdk/Contents/Home/lib/libjimage.dylib
0x000000010f4a6000 	/Library/Java/JavaVirtualMachines/jdk-15.0.1.jdk/Contents/Home/lib/libjava.dylib
0x000000010f749000 	/Library/Java/JavaVirtualMachines/jdk-15.0.1.jdk/Contents/Home/lib/libnio.dylib
0x000000010f75d000 	/Library/Java/JavaVirtualMachines/jdk-15.0.1.jdk/Contents/Home/lib/libnet.dylib
0x000000010f776000 	/Library/Java/JavaVirtualMachines/jdk-15.0.1.jdk/Contents/Home/lib/libzip.dylib


VM Arguments:
jvm_args: -Dfile.encoding=UTF-8 -XX:+ShowCodeDetailsInExceptionMessages 
java_command: org.apache.catalina.startup.Tomcat$1
java_class_path (initial): /Users/asaitomotaka/LetsEngineer/curriculum/JavaStudy/Check3/build/classes:/Applications/Eclipse_2020-12.app/Contents/tomcat/8/lib/tomcat-i18n-ko.jar:/Applications/Eclipse_2020-12.app/Contents/tomcat/8/lib/el-api.jar:/Applications/Eclipse_2020-12.app/Contents/tomcat/8/lib/tomcat-i18n-es.jar:/Applications/Eclipse_2020-12.app/Contents/tomcat/8/lib/tomcat-websocket.jar:/Applications/Eclipse_2020-12.app/Contents/tomcat/8/lib/jasper.jar:/Applications/Eclipse_2020-12.app/Contents/tomcat/8/lib/jasper-el.jar:/Applications/Eclipse_2020-12.app/Contents/tomcat/8/lib/tomcat-util.jar:/Applications/Eclipse_2020-12.app/Contents/tomcat/8/lib/tomcat-i18n-de.jar:/Applications/Eclipse_2020-12.app/Contents/tomcat/8/lib/catalina-storeconfig.jar:/Applications/Eclipse_2020-12.app/Contents/tomcat/8/lib/jsp-api.jar:/Applications/Eclipse_2020-12.app/Contents/tomcat/8/lib/catalina-tribes.jar:/Applications/Eclipse_2020-12.app/Contents/tomcat/8/lib/catalina.jar:/Applications/Eclipse_2020-12.app/Contents/tomcat/8/lib/tomcat-jni.jar:/Applications/Eclipse_2020-12.app/Contents/tomcat/8/lib/websocket-api.jar:/Applications/Eclipse_2020-12.app/Contents/tomcat/8/lib/tomcat-coyote.jar:/Applications/Eclipse_2020-12.app/Contents/tomcat/8/lib/catalina-ha.jar:/Applications/Eclipse_2020-12.app/Contents/tomcat/8/lib/tomcat-api.jar:/Applications/Eclipse_2020-12.app/Contents/tomcat/8/lib/annotations-api.jar:/Applications/Eclipse_2020-12.app/Contents/tomcat/8/lib/jaspic-api.jar:/Applications/Eclipse_2020-12.app/Contents/tomcat/8/lib/tomcat-i18n-zh-CN.jar:/Applications/Eclipse_2020-12.app/Contents/tomcat/8/lib/catalina-ant.jar:/Applications/Eclipse_2020-12.app/Contents/tomcat/8/lib/ecj-4.6.3.jar:/Applications/Eclipse_2020-12.app/Contents/tomcat/8/lib/servlet-api.jar:/Applications/Eclipse_2020-12.app/Contents/tomcat/8/lib/tomcat-util-scan.jar:/Applications/Eclipse_2020-12.app/Contents/tomcat/8/lib/tomcat-i18n-ja.jar:/Applications/Eclipse_2020-12.app/Contents/tomcat/8/lib/tomcat-i18n-ru
Launcher Type: SUN_STANDARD

[Global flags]
     intx CICompilerCount                          = 4                                         {product} {ergonomic}
     uint ConcGCThreads                            = 2                                         {product} {ergonomic}
     uint G1ConcRefinementThreads                  = 8                                         {product} {ergonomic}
   size_t G1HeapRegionSize                         = 1048576                                   {product} {ergonomic}
    uintx GCDrainStackTargetSize                   = 64                                        {product} {ergonomic}
   size_t InitialHeapSize                          = 134217728                                 {product} {ergonomic}
   size_t MarkStackSize                            = 4194304                                   {product} {ergonomic}
   size_t MaxHeapSize                              = 2147483648                                {product} {ergonomic}
   size_t MaxNewSize                               = 1287651328                                {product} {ergonomic}
   size_t MinHeapDeltaBytes                        = 1048576                                   {product} {ergonomic}
   size_t MinHeapSize                              = 8388608                                   {product} {ergonomic}
    uintx NonNMethodCodeHeapSize                   = 5839372                                {pd product} {ergonomic}
    uintx NonProfiledCodeHeapSize                  = 122909434                              {pd product} {ergonomic}
    uintx ProfiledCodeHeapSize                     = 122909434                              {pd product} {ergonomic}
    uintx ReservedCodeCacheSize                    = 251658240                              {pd product} {ergonomic}
     bool SegmentedCodeCache                       = true                                      {product} {ergonomic}
     bool ShowCodeDetailsInExceptionMessages       = true                                   {manageable} {command line}
   size_t SoftMaxHeapSize                          = 2147483648                             {manageable} {ergonomic}
     bool UseCompressedClassPointers               = true                                 {lp64_product} {ergonomic}
     bool UseCompressedOops                        = true                                 {lp64_product} {ergonomic}
     bool UseG1GC                                  = true                                      {product} {ergonomic}
     bool UseNUMA                                  = false                                     {product} {ergonomic}
     bool UseNUMAInterleaving                      = false                                     {product} {ergonomic}

Logging:
Log output configuration:
 #0: stdout all=warning uptime,level,tags
 #1: stderr all=off uptime,level,tags

Environment Variables:
PATH=/usr/bin:/bin:/usr/sbin:/sbin
SHELL=/bin/zsh

Signal Handlers:
SIGSEGV: [libjvm.dylib+0x9fe2e0], sa_mask[0]=11111111011111110111111111111111, sa_flags=SA_ONSTACK|SA_RESTART|SA_SIGINFO
SIGBUS: [libjvm.dylib+0x9fe2e0], sa_mask[0]=11111111011111110111111111111111, sa_flags=SA_RESTART|SA_SIGINFO
SIGFPE: [libjvm.dylib+0x9fe2e0], sa_mask[0]=11111111011111110111111111111111, sa_flags=SA_RESTART|SA_SIGINFO
SIGPIPE: [libjvm.dylib+0x82a110], sa_mask[0]=11111111011111110111111111111111, sa_flags=SA_RESTART|SA_SIGINFO
SIGXFSZ: [libjvm.dylib+0x82a110], sa_mask[0]=11111111011111110111111111111111, sa_flags=SA_RESTART|SA_SIGINFO
SIGILL: [libjvm.dylib+0x9fe2e0], sa_mask[0]=11111111011111110111111111111111, sa_flags=SA_RESTART|SA_SIGINFO
SIGUSR2: [libjvm.dylib+0x82ac20], sa_mask[0]=00100000000000000000000000000000, sa_flags=SA_RESTART|SA_SIGINFO
SIGHUP: [libjvm.dylib+0x829320], sa_mask[0]=11111111011111110111111111111111, sa_flags=SA_RESTART|SA_SIGINFO
SIGINT: [libjvm.dylib+0x829320], sa_mask[0]=11111111011111110111111111111111, sa_flags=SA_RESTART|SA_SIGINFO
SIGTERM: [libjvm.dylib+0x829320], sa_mask[0]=11111111011111110111111111111111, sa_flags=SA_RESTART|SA_SIGINFO
SIGQUIT: [libjvm.dylib+0x829320], sa_mask[0]=11111111011111110111111111111111, sa_flags=SA_RESTART|SA_SIGINFO


---------------  S Y S T E M  ---------------

OS:uname: Darwin 20.2.0 Darwin Kernel Version 20.2.0: Wed Dec  2 20:39:59 PST 2020; root:xnu-7195.60.75~1/RELEASE_X86_64 x86_64
OS uptime: 8 days 4:22 hours
rlimit (soft/hard): STACK 8192k/65532k , CORE 0k/infinity , NPROC 1392/2088 , NOFILE 10240/infinity , AS infinity/infinity , CPU infinity/infinity , DATA infinity/infinity , FSIZE infinity/infinity , MEMLOCK infinity/infinity , RSS infinity/infinity
load average: 2.63 2.39 2.18

CPU: total 8 (initial active 8) (4 cores per cpu, 2 threads per core) family 6 model 142 stepping 10 microcode 0xe0, cmov, cx8, fxsr, mmx, sse, sse2, sse3, ssse3, sse4.1, sse4.2, popcnt, vzeroupper, avx, avx2, aes, clmul, erms, 3dnowpref, lzcnt, ht, tsc, tscinvbit, bmi1, bmi2, adx, fma, clflush, clflushopt

Memory: 4k page, physical 8388608k(161172k free), swap 3145728k(1196800k free)

vm_info: Java HotSpot(TM) 64-Bit Server VM (15.0.1+9-18) for bsd-amd64 JRE (15.0.1+9-18), built on Sep 15 2020 13:50:45 by "mach5one" with clang 4.2.1 Compatible Apple LLVM 10.0.0 (clang-1000.11.45.5)

END.
